#
# There is insufficient memory for the Java Runtime Environment to continue.
# Native memory allocation (mmap) failed to map 134217728 bytes for Failed to commit area from 0x0000000081600000 to 0x0000000089600000 of length 134217728.
# Possible reasons:
#   The system is out of physical RAM or swap space
#   The process is running with CompressedOops enabled, and the Java Heap may be blocking the growth of the native heap
# Possible solutions:
#   Reduce memory load on the system
#   Increase physical memory or swap space
#   Check if swap backing store is full
#   Decrease Java heap size (-Xmx/-Xms)
#   Decrease number of Java threads
#   Decrease Java thread stack sizes (-Xss)
#   Set larger code cache with -XX:ReservedCodeCacheSize=
# This output file may be truncated or incomplete.
#
#  Out of Memory Error (t:/workspace/open/src/hotspot/os/windows/os_windows.cpp:3275), pid=13460, tid=8576
#
# JRE version:  (11.0.4+10) (build )
# Java VM: Java HotSpot(TM) 64-Bit Server VM (11.0.4+10-LTS, mixed mode, aot, sharing, tiered, compressed oops, g1 gc, windows-amd64)
# No core dump will be written. Minidumps are not enabled by default on client versions of Windows
#

---------------  S U M M A R Y ------------

Command Line: --add-modules=javafx.controls,javafx.fxml --module-path=C:\Users\任纪铭\.gradle\caches\modules-2\files-2.1\org.openjfx\javafx-fxml\12.0.1\5397068b7fb8f8db6631242d78e14f7d6db07d51\javafx-fxml-12.0.1-win.jar;C:\Users\任纪铭\.gradle\caches\modules-2\files-2.1\org.openjfx\javafx-controls\12.0.1\838555460c025b8df0fbc0fa03bf3f3767698f89\javafx-controls-12.0.1-win.jar;C:\Users\任纪铭\.gradle\caches\modules-2\files-2.1\org.openjfx\javafx-graphics\12.0.1\18a01ffdd4edb82e7da3bc99937c6a608d1eaaa6\javafx-graphics-12.0.1-win.jar;C:\Users\任纪铭\.gradle\caches\modules-2\files-2.1\org.openjfx\javafx-base\12.0.1\6f5947b255bb26e072862b3bb0c32d54d8effe84\javafx-base-12.0.1-win.jar -Dfile.encoding=GBK -Duser.country=CN -Duser.language=zh -Duser.variant arena.ui.Main

Host: Intel(R) Core(TM) i7-8550U CPU @ 1.80GHz, 8 cores, 7G,  Windows 10 , 64 bit Build 18362 (10.0.18362.329)
Time: Mon Nov  4 17:44:59 2019 ?D1ú±ê×?ê±?? elapsed time: 0 seconds (0d 0h 0m 0s)

---------------  T H R E A D  ---------------

Current thread (0x000002214ddeb800):  JavaThread "Unknown thread" [_thread_in_vm, id=8576, stack(0x000000300c700000,0x000000300c800000)]

Stack: [0x000000300c700000,0x000000300c800000]
Native frames: (J=compiled Java code, j=interpreted, Vv=VM code, C=native code)
V  [jvm.dll+0x635bda]
V  [jvm.dll+0x77360f]
V  [jvm.dll+0x774cba]
V  [jvm.dll+0x775373]
V  [jvm.dll+0x25e668]
V  [jvm.dll+0x63306a]
V  [jvm.dll+0x627ab5]
V  [jvm.dll+0x314f8c]
V  [jvm.dll+0x314e12]
V  [jvm.dll+0x31a676]
V  [jvm.dll+0x36676f]
V  [jvm.dll+0x366190]
V  [jvm.dll+0x2f1b18]
V  [jvm.dll+0x2f2c86]
V  [jvm.dll+0x74c777]
V  [jvm.dll+0x74debf]
V  [jvm.dll+0x3735a9]
V  [jvm.dll+0x732e09]
V  [jvm.dll+0x3e2c0d]
V  [jvm.dll+0x3e4ee1]
C  [java.exe+0x3607]
C  [java.exe+0x178dc]
C  [KERNEL32.DLL+0x17bd4]
C  [ntdll.dll+0x6ced1]


---------------  P R O C E S S  ---------------

Threads class SMR info:
_java_thread_list=0x000002214bb9bb50, length=0, elements={
}

Java Threads: ( => current thread )

Other Threads:
  0x000002214de02000 GCTaskThread "GC Thread#0" [stack: 0x000000300c800000,0x000000300c900000] [id=16448]
  0x000002214de34000 ConcurrentGCThread "G1 Main Marker" [stack: 0x000000300c900000,0x000000300ca00000] [id=2612]
  0x000002214de35800 ConcurrentGCThread "G1 Conc#0" [stack: 0x000000300ca00000,0x000000300cb00000] [id=11216]

[error occurred during error reporting (printing all threads), id 0xc0000005, EXCEPTION_ACCESS_VIOLATION (0xc0000005) at pc=0x00007ffcb61e03e7]

VM state:not at safepoint (not fully initialized)

VM Mutex/Monitor currently owned by a thread:  ([mutex/lock_event])
[0x000002214dde9d00] Heap_lock - owner thread: 0x000002214ddeb800

Heap address: 0x0000000081600000, size: 2026 MB, Compressed Oops mode: Non-zero based: 0x0000000081600000
Narrow klass base: 0x0000000000000000, Narrow klass shift: 0

GC Heap History (0 events):
No events

Deoptimization events (0 events):
No events

Classes redefined (0 events):
No events

Internal exceptions (0 events):
No events

Events (0 events):
No events


Dynamic libraries:
0x00007ff7177b0000 - 0x00007ff7177f7000 	C:\Program Files\Java\jdk-11.0.4\bin\java.exe
0x00007ffd003e0000 - 0x00007ffd005d0000 	C:\WINDOWS\SYSTEM32\ntdll.dll
0x00007ffcff7e0000 - 0x00007ffcff892000 	C:\WINDOWS\System32\KERNEL32.DLL
0x00007ffcfd370000 - 0x00007ffcfd613000 	C:\WINDOWS\System32\KERNELBASE.dll
0x00007ffcfe490000 - 0x00007ffcfe533000 	C:\WINDOWS\System32\ADVAPI32.dll
0x00007ffcff8a0000 - 0x00007ffcff93e000 	C:\WINDOWS\System32\msvcrt.dll
0x00007ffcff240000 - 0x00007ffcff2d7000 	C:\WINDOWS\System32\sechost.dll
0x00007ffcff490000 - 0x00007ffcff5b0000 	C:\WINDOWS\System32\RPCRT4.dll
0x00007ffd00030000 - 0x00007ffd001c4000 	C:\WINDOWS\System32\USER32.dll
0x00007ffcfdda0000 - 0x00007ffcfddc1000 	C:\WINDOWS\System32\win32u.dll
0x00007ffcff3b0000 - 0x00007ffcff3d6000 	C:\WINDOWS\System32\GDI32.dll
0x00007ffcfde20000 - 0x00007ffcfdfb4000 	C:\WINDOWS\System32\gdi32full.dll
0x00007ffcfe2a0000 - 0x00007ffcfe33e000 	C:\WINDOWS\System32\msvcp_win.dll
0x00007ffcfe180000 - 0x00007ffcfe27a000 	C:\WINDOWS\System32\ucrtbase.dll
0x00007ffcee4c0000 - 0x00007ffcee745000 	C:\WINDOWS\WinSxS\amd64_microsoft.windows.common-controls_6595b64144ccf1df_6.0.18362.418_none_e6c6b287130d565d\COMCTL32.dll
0x00007ffcfeb60000 - 0x00007ffcfee96000 	C:\WINDOWS\System32\combase.dll
0x00007ffcfe0a0000 - 0x00007ffcfe120000 	C:\WINDOWS\System32\bcryptPrimitives.dll
0x00007ffcf1980000 - 0x00007ffcf198a000 	C:\WINDOWS\SYSTEM32\VERSION.dll
0x00007ffcfead0000 - 0x00007ffcfeafe000 	C:\WINDOWS\System32\IMM32.DLL
0x00007ffcf6580000 - 0x00007ffcf6596000 	C:\Program Files\Java\jdk-11.0.4\bin\vcruntime140.dll
0x00007ffcddc40000 - 0x00007ffcddcea000 	C:\Program Files\Java\jdk-11.0.4\bin\msvcp140.dll
0x00007ffcb5ee0000 - 0x00007ffcb6a07000 	C:\Program Files\Java\jdk-11.0.4\bin\server\jvm.dll
0x00007ffcfeea0000 - 0x00007ffcfeea8000 	C:\WINDOWS\System32\PSAPI.DLL
0x00007ffcf9b30000 - 0x00007ffcf9b54000 	C:\WINDOWS\SYSTEM32\WINMM.dll
0x00007ffcea060000 - 0x00007ffcea069000 	C:\WINDOWS\SYSTEM32\WSOCK32.dll
0x00007ffcff610000 - 0x00007ffcff67f000 	C:\WINDOWS\System32\WS2_32.dll
0x00007ffcf9b00000 - 0x00007ffcf9b2d000 	C:\WINDOWS\SYSTEM32\winmmbase.dll
0x00007ffcfddd0000 - 0x00007ffcfde1a000 	C:\WINDOWS\System32\cfgmgr32.dll
0x00007ffcfd2c0000 - 0x00007ffcfd2d1000 	C:\WINDOWS\System32\kernel.appcore.dll
0x00007ffcf2310000 - 0x00007ffcf2321000 	C:\Program Files\Java\jdk-11.0.4\bin\verify.dll
0x00007ffcfbbd0000 - 0x00007ffcfbdc4000 	C:\WINDOWS\SYSTEM32\DBGHELP.DLL
0x00007ffce5670000 - 0x00007ffce569a000 	C:\WINDOWS\SYSTEM32\dbgcore.DLL
0x00007ffcf2120000 - 0x00007ffcf2149000 	C:\Program Files\Java\jdk-11.0.4\bin\java.dll
0x00007ffcf2100000 - 0x00007ffcf2116000 	C:\Program Files\Java\jdk-11.0.4\bin\zip.dll
0x00007ffcf9bb0000 - 0x00007ffcf9bba000 	C:\Program Files\Java\jdk-11.0.4\bin\jimage.dll

dbghelp: loaded successfully - version: 4.0.5 - missing functions: none
symbol engine: initialized successfully - sym options: 0x614 - pdb path: .;C:\Program Files\Java\jdk-11.0.4\bin;C:\WINDOWS\SYSTEM32;C:\WINDOWS\WinSxS\amd64_microsoft.windows.common-controls_6595b64144ccf1df_6.0.18362.418_none_e6c6b287130d565d;C:\Program Files\Java\jdk-11.0.4\bin\server

VM Arguments:
jvm_args: --add-modules=javafx.controls,javafx.fxml --module-path=C:\Users\任纪铭\.gradle\caches\modules-2\files-2.1\org.openjfx\javafx-fxml\12.0.1\5397068b7fb8f8db6631242d78e14f7d6db07d51\javafx-fxml-12.0.1-win.jar;C:\Users\任纪铭\.gradle\caches\modules-2\files-2.1\org.openjfx\javafx-controls\12.0.1\838555460c025b8df0fbc0fa03bf3f3767698f89\javafx-controls-12.0.1-win.jar;C:\Users\任纪铭\.gradle\caches\modules-2\files-2.1\org.openjfx\javafx-graphics\12.0.1\18a01ffdd4edb82e7da3bc99937c6a608d1eaaa6\javafx-graphics-12.0.1-win.jar;C:\Users\任纪铭\.gradle\caches\modules-2\files-2.1\org.openjfx\javafx-base\12.0.1\6f5947b255bb26e072862b3bb0c32d54d8effe84\javafx-base-12.0.1-win.jar -Dfile.encoding=GBK -Duser.country=CN -Duser.language=zh -Duser.variant 
java_command: arena.ui.Main
java_class_path (initial): C:\Users\任纪铭\workspace\COMP3111HProject\build\classes\java\main;C:\Users\任纪铭\workspace\COMP3111HProject\build\resources\main;C:\Users\任纪铭\.gradle\caches\modules-2\files-2.1\net.sourceforge.htmlunit\htmlunit\2.31\c40a2fb813533fa8a0e1531c8c47b9ed6b54178d\htmlunit-2.31.jar;C:\Users\任纪铭\.gradle\caches\modules-2\files-2.1\org.openjfx\javafx-fxml\12.0.1\5397068b7fb8f8db6631242d78e14f7d6db07d51\javafx-fxml-12.0.1-win.jar;C:\Users\任纪铭\.gradle\caches\modules-2\files-2.1\org.openjfx\javafx-controls\12.0.1\838555460c025b8df0fbc0fa03bf3f3767698f89\javafx-controls-12.0.1-win.jar;C:\Users\任纪铭\.gradle\caches\modules-2\files-2.1\org.openjfx\javafx-controls\12.0.1\a6502999bdb947885c8d121a47d745d52a06577a\javafx-controls-12.0.1.jar;C:\Users\任纪铭\.gradle\caches\modules-2\files-2.1\org.openjfx\javafx-graphics\12.0.1\18a01ffdd4edb82e7da3bc99937c6a608d1eaaa6\javafx-graphics-12.0.1-win.jar;C:\Users\任纪铭\.gradle\caches\modules-2\files-2.1\org.openjfx\javafx-graphics\12.0.1\19ec56a15d7dd9c49112912547425b718485d7db\javafx-graphics-12.0.1.jar;C:\Users\任纪铭\.gradle\caches\modules-2\files-2.1\org.openjfx\javafx-base\12.0.1\6f5947b255bb26e072862b3bb0c32d54d8effe84\javafx-base-12.0.1-win.jar;C:\Users\任纪铭\.gradle\caches\modules-2\files-2.1\org.openjfx\javafx-base\12.0.1\6abae81d00e0c6f4fde02e2666f9c0b989ff47e4\javafx-base-12.0.1.jar;C:\Users\任纪铭\.gradle\caches\modules-2\files-2.1\xalan\xalan\2.7.2\d55d3f02a56ec4c25695fe67e1334ff8c2ecea23\xalan-2.7.2.jar;C:\Users\任纪铭\.gradle\caches\modules-2\files-2.1\org.apache.commons\commons-text\1.3\9abf61708a66ab5e55f6169a200dbfc584b546d9\commons-text-1.3.jar;C:\Users\任纪铭\.gradle\caches\modules-2\files-2.1\org.apache.commons\commons-lang3\3.7\557edd918fd41f9260963583ebf5a61a43a6b423\commons-lang3-3.7.jar;C:\Users\任纪铭\.gradle\caches\modules-2\files-2.1\org.apache.httpcomponents\httpmime\4.5.5\8281b24b8a493374cd2aa8a90c4156588f7dbcb6\httpmime-4.5.5.jar;C:\Users\任纪铭\.gradle\caches\modules-2\fi
Launcher Type: SUN_STANDARD

[Global flags]
     intx CICompilerCount                          = 4                                         {product} {ergonomic}
     uint ConcGCThreads                            = 2                                         {product} {ergonomic}
     uint G1ConcRefinementThreads                  = 8                                         {product} {ergonomic}
   size_t G1HeapRegionSize                         = 1048576                                   {product} {ergonomic}
    uintx GCDrainStackTargetSize                   = 64                                        {product} {ergonomic}
   size_t InitialHeapSize                          = 134217728                                 {product} {ergonomic}
   size_t MarkStackSize                            = 4194304                                   {product} {ergonomic}
   size_t MaxHeapSize                              = 2124414976                                {product} {ergonomic}
   size_t MinHeapDeltaBytes                        = 1048576                                   {product} {ergonomic}
    uintx NonNMethodCodeHeapSize                   = 5835340                                {pd product} {ergonomic}
    uintx NonProfiledCodeHeapSize                  = 122911450                              {pd product} {ergonomic}
    uintx ProfiledCodeHeapSize                     = 122911450                              {pd product} {ergonomic}
    uintx ReservedCodeCacheSize                    = 251658240                              {pd product} {ergonomic}
     bool SegmentedCodeCache                       = true                                      {product} {ergonomic}
     bool UseCompressedClassPointers               = true                                 {lp64_product} {ergonomic}
     bool UseCompressedOops                        = true                                 {lp64_product} {ergonomic}
     bool UseG1GC                                  = true                                      {product} {ergonomic}
     bool UseLargePagesIndividualAllocation        = false                                  {pd product} {ergonomic}

Logging:
Log output configuration:
 #0: stdout all=warning uptime,level,tags
 #1: stderr all=off uptime,level,tags

Environment Variables:
JAVA_HOME=C:\Program Files\Java\jdk-11.0.4
CLASSPATH=C:\Users\任纪铭\workspace\COMP3111HProject\\gradle\wrapper\gradle-wrapper.jar
PATH=C:\Program Files (x86)\NVIDIA Corporation\PhysX\Common;C:\ProgramData\Oracle\Java\javapath;C:\Program Files (x86)\Intel\iCLS Client\;C:\Program Files\Intel\iCLS Client\;C:\Windows\system32;C:\Windows;C:\Windows\System32\Wbem;C:\Windows\System32\WindowsPowerShell\v1.0\;C:\Program Files (x86)\Intel\Intel(R) Management Engine Components\DAL;C:\Program Files\Intel\Intel(R) Management Engine Components\DAL;C:\Program Files (x86)\Intel\Intel(R) Management Engine Components\IPT;C:\Program Files\Intel\Intel(R) Management Engine Components\IPT;C:\MinGW\bin;C:\WINDOWS\system32;C:\WINDOWS;C:\WINDOWS\System32\Wbem;C:\WINDOWS\System32\WindowsPowerShell\v1.0\;C:\WINDOWS\System32\OpenSSH\;C:\Program Files (x86)\Windows Kits\8.1\Windows Performance Toolkit\;D:\MATLAB\R2018b\bin;C:\Program Files\Java\jdk-11.0.4\bin;C:\Program Files\Git\cmd;C:\Users\任纪铭\AppData\Local\Microsoft\WindowsApps;C:\texlive\2018\bin\win32;D:\Microsoft VS Code\bin
USERNAME=任纪铭
OS=Windows_NT
PROCESSOR_IDENTIFIER=Intel64 Family 6 Model 142 Stepping 10, GenuineIntel



---------------  S Y S T E M  ---------------

OS: Windows 10 , 64 bit Build 18362 (10.0.18362.329)

CPU:total 8 (initial active 8) (4 cores per cpu, 2 threads per core) family 6 model 142 stepping 10, cmov, cx8, fxsr, mmx, sse, sse2, sse3, ssse3, sse4.1, sse4.2, popcnt, avx, avx2, aes, clmul, erms, 3dnowpref, lzcnt, ht, tsc, tscinvbit, bmi1, bmi2, adx, fma

Memory: 4k page, system-wide physical 8097M (3835M free)
TotalPageFile size 9121M (AvailPageFile size 124M)
current process WorkingSet (physical memory assigned to process): 10M, peak: 10M
current process commit charge ("private bytes"): 60M, peak: 188M

vm_info: Java HotSpot(TM) 64-Bit Server VM (11.0.4+10-LTS) for windows-amd64 JRE (11.0.4+10-LTS), built on Jul  4 2019 16:28:13 by "mach5one" with MS VC++ 15.5 (VS2017)

END.
