#
# There is insufficient memory for the Java Runtime Environment to continue.
# Native memory allocation (mmap) failed to map 348127232 bytes for Failed to commit area from 0x0000000095a00000 to 0x00000000aa600000 of length 348127232.
# Possible reasons:
#   The system is out of physical RAM or swap space
#   The process is running with CompressedOops enabled, and the Java Heap may be blocking the growth of the native heap
# Possible solutions:
#   Reduce memory load on the system
#   Increase physical memory or swap space
#   Check if swap backing store is full
#   Decrease Java heap size (-Xmx/-Xms)
#   Decrease number of Java threads
#   Decrease Java thread stack sizes (-Xss)
#   Set larger code cache with -XX:ReservedCodeCacheSize=
#   JVM is running with Unscaled Compressed Oops mode in which the Java heap is
#     placed in the first 4GB address space. The Java Heap base address is the
#     maximum limit for the native heap growth. Please use -XX:HeapBaseMinAddress
#     to set the Java Heap base and to place the Java Heap above 4GB virtual address.
# This output file may be truncated or incomplete.
#
#  Out of Memory Error (t:/workspace/open/src/hotspot/os/windows/os_windows.cpp:3275), pid=2648, tid=10380
#
# JRE version: Java(TM) SE Runtime Environment (11.0.4+10) (build 11.0.4+10-LTS)
# Java VM: Java HotSpot(TM) 64-Bit Server VM (11.0.4+10-LTS, mixed mode, tiered, compressed oops, g1 gc, windows-amd64)
# No core dump will be written. Minidumps are not enabled by default on client versions of Windows
#

---------------  S U M M A R Y ------------

Command Line: --add-modules=javafx.controls,javafx.fxml --module-path=C:\Users\任纪铭\.gradle\caches\modules-2\files-2.1\org.openjfx\javafx-fxml\12.0.1\5397068b7fb8f8db6631242d78e14f7d6db07d51\javafx-fxml-12.0.1-win.jar;C:\Users\任纪铭\.gradle\caches\modules-2\files-2.1\org.openjfx\javafx-controls\12.0.1\838555460c025b8df0fbc0fa03bf3f3767698f89\javafx-controls-12.0.1-win.jar;C:\Users\任纪铭\.gradle\caches\modules-2\files-2.1\org.openjfx\javafx-graphics\12.0.1\18a01ffdd4edb82e7da3bc99937c6a608d1eaaa6\javafx-graphics-12.0.1-win.jar;C:\Users\任纪铭\.gradle\caches\modules-2\files-2.1\org.openjfx\javafx-base\12.0.1\6f5947b255bb26e072862b3bb0c32d54d8effe84\javafx-base-12.0.1-win.jar -Dfile.encoding=GBK -Duser.country=CN -Duser.language=zh -Duser.variant arena.ui.Main

Host: Intel(R) Core(TM) i7-8550U CPU @ 1.80GHz, 8 cores, 7G,  Windows 10 , 64 bit Build 18362 (10.0.18362.329)
Time: Sun Nov  3 12:04:48 2019 ?D1ú±ê×?ê±?? elapsed time: 49 seconds (0d 0h 0m 49s)

---------------  T H R E A D  ---------------

Current thread (0x00000236a1fdb000):  VMThread "VM Thread" [stack: 0x00000064cfa00000,0x00000064cfb00000] [id=10380]

Stack: [0x00000064cfa00000,0x00000064cfb00000]
[error occurred during error reporting (printing stack bounds), id 0xc0000005, EXCEPTION_ACCESS_VIOLATION (0xc0000005) at pc=0x000002368b6f0bad]

Native frames: (J=compiled Java code, j=interpreted, Vv=VM code, C=native code)
V  [jvm.dll+0x635bda]
V  [jvm.dll+0x77360f]
V  [jvm.dll+0x774cba]
V  [jvm.dll+0x7752d5]
V  [jvm.dll+0x77528b]
V  [jvm.dll+0x6352e6]
V  [jvm.dll+0x6356a8]
C  [ntdll.dll+0xa11ff]
C  [ntdll.dll+0x6a289]
C  [ntdll.dll+0x9fe6e]
C  0x000002368b6f0bad

VM_Operation (0x00000064d08f7c40): G1CollectForAllocation, mode: safepoint, requested by thread 0x00000236a30df800


---------------  P R O C E S S  ---------------

Threads class SMR info:
_java_thread_list=0x00000236b0cc2b90, length=19, elements={
0x00000236833ab800, 0x00000236a1fdd000, 0x00000236a1fe5800, 0x00000236a285b000,
0x00000236a285d800, 0x00000236a285e800, 0x00000236a2863000, 0x00000236a2866000,
0x00000236a1f74000, 0x00000236a2c48800, 0x00000236a2b89800, 0x00000236a31e9000,
0x00000236a30df800, 0x00000236a38c5800, 0x00000236a3861000, 0x00000236acea6800,
0x00000236a31ba000, 0x00000236a4197800, 0x00000236ad4d9000
}

Java Threads: ( => current thread )
  0x00000236833ab800 JavaThread "main" [_thread_blocked, id=980, stack(0x00000064cf400000,0x00000064cf500000)]
  0x00000236a1fdd000 JavaThread "Reference Handler" daemon [_thread_blocked, id=15644, stack(0x00000064cfb00000,0x00000064cfc00000)]
  0x00000236a1fe5800 JavaThread "Finalizer" daemon [_thread_blocked, id=17172, stack(0x00000064cfc00000,0x00000064cfd00000)]
  0x00000236a285b000 JavaThread "Signal Dispatcher" daemon [_thread_blocked, id=14376, stack(0x00000064cfd00000,0x00000064cfe00000)]
  0x00000236a285d800 JavaThread "Attach Listener" daemon [_thread_blocked, id=17288, stack(0x00000064cfe00000,0x00000064cff00000)]
  0x00000236a285e800 JavaThread "C2 CompilerThread0" daemon [_thread_blocked, id=15140, stack(0x00000064cff00000,0x00000064d0000000)]
  0x00000236a2863000 JavaThread "C1 CompilerThread0" daemon [_thread_blocked, id=13024, stack(0x00000064d0000000,0x00000064d0100000)]
  0x00000236a2866000 JavaThread "Sweeper thread" daemon [_thread_blocked, id=11468, stack(0x00000064d0100000,0x00000064d0200000)]
  0x00000236a1f74000 JavaThread "Common-Cleaner" daemon [_thread_blocked, id=15980, stack(0x00000064d0200000,0x00000064d0300000)]
  0x00000236a2c48800 JavaThread "Service Thread" daemon [_thread_blocked, id=17008, stack(0x00000064d0500000,0x00000064d0600000)]
  0x00000236a2b89800 JavaThread "QuantumRenderer-0" daemon [_thread_blocked, id=3948, stack(0x00000064d0300000,0x00000064d0400000)]
  0x00000236a31e9000 JavaThread "InvokeLaterDispatcher" daemon [_thread_blocked, id=15920, stack(0x00000064d0700000,0x00000064d0800000)]
  0x00000236a30df800 JavaThread "JavaFX Application Thread" [_thread_blocked, id=7148, stack(0x00000064d0800000,0x00000064d0900000)]
  0x00000236a38c5800 JavaThread "Thread-1" daemon [_thread_blocked, id=4288, stack(0x00000064d0b00000,0x00000064d0c00000)]
  0x00000236a3861000 JavaThread "JavaFX-Launcher" [_thread_blocked, id=17224, stack(0x00000064d0c00000,0x00000064d0d00000)]
  0x00000236acea6800 JavaThread "Prism Font Disposer" daemon [_thread_blocked, id=12868, stack(0x00000064d1600000,0x00000064d1700000)]
  0x00000236a31ba000 JavaThread "Cleaner-0" daemon [_thread_blocked, id=5516, stack(0x00000064d1900000,0x00000064d1a00000)]
  0x00000236a4197800 JavaThread "C2 CompilerThread1" daemon [_thread_blocked, id=10924, stack(0x00000064d1700000,0x00000064d1800000)]
  0x00000236ad4d9000 JavaThread "C2 CompilerThread2" daemon [_thread_blocked, id=17264, stack(0x00000064d1e00000,0x00000064d1f00000)]

Other Threads:
=>0x00000236a1fdb000 VMThread "VM Thread" [stack: 0x00000064cfa00000,0x00000064cfb00000] [id=10380]
  0x00000236a311f800 WatcherThread [stack: 0x00000064d0600000,0x00000064d0700000] [id=8496]
  0x00000236833c1800 GCTaskThread "GC Thread#0" [stack: 0x00000064cf500000,0x00000064cf600000] [id=4180]
  0x00000236a389b800 GCTaskThread "GC Thread#1" [stack: 0x00000064d0d00000,0x00000064d0e00000] [id=15256]
  0x00000236a38eb000 GCTaskThread "GC Thread#2" [stack: 0x00000064d0e00000,0x00000064d0f00000] [id=2572]
  0x00000236a38a0000 GCTaskThread "GC Thread#3" [stack: 0x00000064d0f00000,0x00000064d1000000] [id=16364]
  0x00000236a2c83000 GCTaskThread "GC Thread#4" [stack: 0x00000064d1000000,0x00000064d1100000] [id=15976]
  0x00000236a2c78000 GCTaskThread "GC Thread#5" [stack: 0x00000064d1100000,0x00000064d1200000] [id=1336]
  0x00000236a2d2f800 GCTaskThread "GC Thread#6" [stack: 0x00000064d1d00000,0x00000064d1e00000] [id=11744]
  0x00000236833f3800 ConcurrentGCThread "G1 Main Marker" [stack: 0x00000064cf600000,0x00000064cf700000] [id=5732]
  0x00000236833f5000 ConcurrentGCThread "G1 Conc#0" [stack: 0x00000064cf700000,0x00000064cf800000] [id=11584]
  0x00000236a3e7b800 ConcurrentGCThread "G1 Conc#1" [stack: 0x00000064d1800000,0x00000064d1900000] [id=12228]
  0x00000236a1e22800 ConcurrentGCThread "G1 Refine#0" [stack: 0x00000064cf800000,0x00000064cf900000] [id=7648]
  0x00000236acc22000 ConcurrentGCThread "G1 Refine#1" [stack: 0x00000064d1a00000,0x00000064d1b00000] [id=3212]
  0x00000236a3e86000 ConcurrentGCThread "G1 Refine#2" [stack: 0x00000064d1b00000,0x00000064d1c00000] [id=11568]
  0x00000236b133a800 ConcurrentGCThread "G1 Refine#3" [stack: 0x00000064d1200000,0x00000064d1300000] [id=17112]
  0x00000236a3ed2800 ConcurrentGCThread "G1 Refine#4" [stack: 0x00000064d1c00000,0x00000064d1d00000] [id=13204]
  0x000002368347c800 ConcurrentGCThread "G1 Young RemSet Sampling" [stack: 0x00000064cf900000,0x00000064cfa00000] [id=8300]

Threads with active compile tasks:
C2 CompilerThread05121       4       com.sun.javafx.scene.input.InputEventUtils::recomputeCoordinates (220 bytes)
C2 CompilerThread15069 %     4       monster.Fox::updateGridsFox @ 817 (1503 bytes)
C2 CompilerThread25107       4       javafx.scene.Node::setScenes (75 bytes)

VM state:at safepoint (normal execution)

VM Mutex/Monitor currently owned by a thread:  ([mutex/lock_event])
[0x00000236833a9bd0] Threads_lock - owner thread: 0x00000236a1fdb000
[0x00000236833a9990] Heap_lock - owner thread: 0x00000236a30df800

Heap address: 0x0000000081600000, size: 2026 MB, Compressed Oops mode: 32-bit
Narrow klass base: 0x0000000000000000, Narrow klass shift: 3
Compressed class space size: 1073741824 Address: 0x0000000100000000

Heap:
 garbage-first heap   total 671744K, used 74155K [0x0000000081600000, 0x0000000100000000)
  region size 1024K, 4 young (4096K), 4 survivors (4096K)
 Metaspace       used 24230K, capacity 25028K, committed 25212K, reserved 1071104K
  class space    used 2746K, capacity 3089K, committed 3196K, reserved 1048576K
Heap Regions: E=young(eden), S=young(survivor), O=old, HS=humongous(starts), HC=humongous(continues), CS=collection set, F=free, A=archive, TAMS=top-at-mark-start (previous, next)
|   0|0x0000000081600000, 0x0000000081700000, 0x0000000081700000|100%| O|  |TAMS 0x0000000081700000, 0x0000000081600000| Untracked 
|   1|0x0000000081700000, 0x0000000081800000, 0x0000000081800000|100%| O|  |TAMS 0x0000000081800000, 0x0000000081700000| Untracked 
|   2|0x0000000081800000, 0x0000000081900000, 0x0000000081900000|100%|HS|  |TAMS 0x0000000081900000, 0x0000000081800000| Complete 
|   3|0x0000000081900000, 0x0000000081a00000, 0x0000000081a00000|100%|HC|  |TAMS 0x0000000081a00000, 0x0000000081900000| Complete 
|   4|0x0000000081a00000, 0x0000000081b00000, 0x0000000081b00000|100%| O|  |TAMS 0x0000000081b00000, 0x0000000081a00000| Untracked 
|   5|0x0000000081b00000, 0x0000000081c00000, 0x0000000081c00000|100%| O|  |TAMS 0x0000000081c00000, 0x0000000081b00000| Untracked 
|   6|0x0000000081c00000, 0x0000000081d00000, 0x0000000081d00000|100%| O|  |TAMS 0x0000000081d00000, 0x0000000081c00000| Untracked 
|   7|0x0000000081d00000, 0x0000000081e00000, 0x0000000081e00000|100%| O|  |TAMS 0x0000000081e00000, 0x0000000081d00000| Untracked 
|   8|0x0000000081e00000, 0x0000000081f00000, 0x0000000081f00000|100%| O|  |TAMS 0x0000000081f00000, 0x0000000081e00000| Untracked 
|   9|0x0000000081f00000, 0x0000000082000000, 0x0000000082000000|100%| O|  |TAMS 0x0000000082000000, 0x0000000081f00000| Untracked 
|  10|0x0000000082000000, 0x0000000082100000, 0x0000000082100000|100%| O|  |TAMS 0x0000000082100000, 0x0000000082000000| Untracked 
|  11|0x0000000082100000, 0x0000000082200000, 0x0000000082200000|100%| O|  |TAMS 0x0000000082100000, 0x0000000082100000| Untracked 
|  12|0x0000000082200000, 0x0000000082300000, 0x0000000082300000|100%| O|  |TAMS 0x0000000082300000, 0x0000000082200000| Untracked 
|  13|0x0000000082300000, 0x0000000082400000, 0x0000000082400000|100%| O|  |TAMS 0x0000000082400000, 0x0000000082300000| Untracked 
|  14|0x0000000082400000, 0x0000000082500000, 0x0000000082500000|100%| O|  |TAMS 0x0000000082500000, 0x0000000082400000| Untracked 
|  15|0x0000000082500000, 0x0000000082600000, 0x0000000082600000|100%| O|  |TAMS 0x0000000082600000, 0x0000000082500000| Untracked 
|  16|0x0000000082600000, 0x0000000082700000, 0x0000000082700000|100%| O|  |TAMS 0x0000000082600000, 0x0000000082600000| Untracked 
|  17|0x0000000082700000, 0x0000000082800000, 0x0000000082800000|100%| O|  |TAMS 0x0000000082700000, 0x0000000082700000| Untracked 
|  18|0x0000000082800000, 0x0000000082900000, 0x0000000082900000|100%| O|  |TAMS 0x0000000082800000, 0x0000000082800000| Untracked 
|  19|0x0000000082900000, 0x0000000082a00000, 0x0000000082a00000|100%| O|  |TAMS 0x0000000082900000, 0x0000000082900000| Untracked 
|  20|0x0000000082a00000, 0x0000000082b00000, 0x0000000082b00000|100%| O|  |TAMS 0x0000000082a00000, 0x0000000082a00000| Untracked 
|  21|0x0000000082b00000, 0x0000000082c00000, 0x0000000082c00000|100%| O|  |TAMS 0x0000000082b00000, 0x0000000082b00000| Untracked 
|  22|0x0000000082c00000, 0x0000000082d00000, 0x0000000082d00000|100%| O|  |TAMS 0x0000000082c00000, 0x0000000082c00000| Untracked 
|  23|0x0000000082d00000, 0x0000000082e00000, 0x0000000082e00000|100%| O|  |TAMS 0x0000000082d00000, 0x0000000082d00000| Untracked 
|  24|0x0000000082e00000, 0x0000000082f00000, 0x0000000082f00000|100%| O|  |TAMS 0x0000000082e00000, 0x0000000082e00000| Untracked 
|  25|0x0000000082f00000, 0x0000000083000000, 0x0000000083000000|100%| O|  |TAMS 0x0000000082f00000, 0x0000000082f00000| Untracked 
|  26|0x0000000083000000, 0x0000000083100000, 0x0000000083100000|100%| O|  |TAMS 0x0000000083000000, 0x0000000083000000| Untracked 
|  27|0x0000000083100000, 0x0000000083200000, 0x0000000083200000|100%| O|  |TAMS 0x0000000083100000, 0x0000000083100000| Untracked 
|  28|0x0000000083200000, 0x0000000083300000, 0x0000000083300000|100%| O|  |TAMS 0x0000000083200000, 0x0000000083200000| Untracked 
|  29|0x0000000083300000, 0x0000000083400000, 0x0000000083400000|100%| O|  |TAMS 0x0000000083300000, 0x0000000083300000| Untracked 
|  30|0x0000000083400000, 0x0000000083500000, 0x0000000083500000|100%| O|  |TAMS 0x0000000083400000, 0x0000000083400000| Untracked 
|  31|0x0000000083500000, 0x0000000083600000, 0x0000000083600000|100%| O|  |TAMS 0x0000000083500000, 0x0000000083500000| Untracked 
|  32|0x0000000083600000, 0x0000000083700000, 0x0000000083700000|100%| O|  |TAMS 0x0000000083600000, 0x0000000083600000| Untracked 
|  33|0x0000000083700000, 0x0000000083800000, 0x0000000083800000|100%| O|  |TAMS 0x0000000083700000, 0x0000000083700000| Untracked 
|  34|0x0000000083800000, 0x0000000083900000, 0x0000000083900000|100%| O|  |TAMS 0x0000000083800000, 0x0000000083800000| Untracked 
|  35|0x0000000083900000, 0x0000000083a00000, 0x0000000083a00000|100%| O|  |TAMS 0x0000000083900000, 0x0000000083900000| Untracked 
|  36|0x0000000083a00000, 0x0000000083b00000, 0x0000000083b00000|100%| O|  |TAMS 0x0000000083a00000, 0x0000000083a00000| Untracked 
|  37|0x0000000083b00000, 0x0000000083c00000, 0x0000000083c00000|100%| O|  |TAMS 0x0000000083b00000, 0x0000000083b00000| Untracked 
|  38|0x0000000083c00000, 0x0000000083d00000, 0x0000000083d00000|100%| O|  |TAMS 0x0000000083c00000, 0x0000000083c00000| Untracked 
|  39|0x0000000083d00000, 0x0000000083e00000, 0x0000000083e00000|100%| O|  |TAMS 0x0000000083d00000, 0x0000000083d00000| Untracked 
|  40|0x0000000083e00000, 0x0000000083f00000, 0x0000000083f00000|100%| O|  |TAMS 0x0000000083e00000, 0x0000000083e00000| Untracked 
|  41|0x0000000083f00000, 0x0000000084000000, 0x0000000084000000|100%| O|  |TAMS 0x0000000083f00000, 0x0000000083f00000| Untracked 
|  42|0x0000000084000000, 0x0000000084100000, 0x0000000084100000|100%| O|  |TAMS 0x0000000084000000, 0x0000000084000000| Untracked 
|  43|0x0000000084100000, 0x0000000084200000, 0x0000000084200000|100%| O|  |TAMS 0x0000000084100000, 0x0000000084100000| Untracked 
|  44|0x0000000084200000, 0x0000000084300000, 0x0000000084300000|100%| O|  |TAMS 0x0000000084200000, 0x0000000084200000| Untracked 
|  45|0x0000000084300000, 0x0000000084400000, 0x0000000084400000|100%| O|  |TAMS 0x0000000084300000, 0x0000000084300000| Untracked 
|  46|0x0000000084400000, 0x0000000084500000, 0x0000000084500000|100%| O|  |TAMS 0x0000000084400000, 0x0000000084400000| Untracked 
|  47|0x0000000084500000, 0x0000000084600000, 0x0000000084600000|100%| O|  |TAMS 0x0000000084500000, 0x0000000084500000| Untracked 
|  48|0x0000000084600000, 0x0000000084700000, 0x0000000084700000|100%| O|  |TAMS 0x0000000084600000, 0x0000000084600000| Untracked 
|  49|0x0000000084700000, 0x0000000084800000, 0x0000000084800000|100%| O|  |TAMS 0x0000000084700000, 0x0000000084700000| Untracked 
|  50|0x0000000084800000, 0x0000000084900000, 0x0000000084900000|100%| O|  |TAMS 0x0000000084800000, 0x0000000084800000| Untracked 
|  51|0x0000000084900000, 0x0000000084a00000, 0x0000000084a00000|100%| O|  |TAMS 0x0000000084900000, 0x0000000084900000| Untracked 
|  52|0x0000000084a00000, 0x0000000084b00000, 0x0000000084b00000|100%| O|  |TAMS 0x0000000084a00000, 0x0000000084a00000| Untracked 
|  53|0x0000000084b00000, 0x0000000084c00000, 0x0000000084c00000|100%| O|  |TAMS 0x0000000084b00000, 0x0000000084b00000| Untracked 
|  54|0x0000000084c00000, 0x0000000084d00000, 0x0000000084d00000|100%| O|  |TAMS 0x0000000084c00000, 0x0000000084c00000| Untracked 
|  55|0x0000000084d00000, 0x0000000084e00000, 0x0000000084e00000|100%| O|  |TAMS 0x0000000084d00000, 0x0000000084d00000| Untracked 
|  56|0x0000000084e00000, 0x0000000084f00000, 0x0000000084f00000|100%| O|  |TAMS 0x0000000084e00000, 0x0000000084e00000| Untracked 
|  57|0x0000000084f00000, 0x0000000085000000, 0x0000000085000000|100%| O|  |TAMS 0x0000000084f00000, 0x0000000084f00000| Untracked 
|  58|0x0000000085000000, 0x0000000085100000, 0x0000000085100000|100%| O|  |TAMS 0x0000000085000000, 0x0000000085000000| Untracked 
|  59|0x0000000085100000, 0x0000000085200000, 0x0000000085200000|100%| O|  |TAMS 0x0000000085100000, 0x0000000085100000| Untracked 
|  60|0x0000000085200000, 0x0000000085300000, 0x0000000085300000|100%| O|  |TAMS 0x0000000085200000, 0x0000000085200000| Untracked 
|  61|0x0000000085300000, 0x0000000085400000, 0x0000000085400000|100%| O|  |TAMS 0x0000000085300000, 0x0000000085300000| Untracked 
|  62|0x0000000085400000, 0x0000000085500000, 0x0000000085500000|100%| O|  |TAMS 0x0000000085400000, 0x0000000085400000| Untracked 
|  63|0x0000000085500000, 0x0000000085600000, 0x0000000085600000|100%| O|  |TAMS 0x0000000085500000, 0x0000000085500000| Untracked 
|  64|0x0000000085600000, 0x0000000085700000, 0x0000000085700000|100%| O|  |TAMS 0x0000000085600000, 0x0000000085600000| Untracked 
|  65|0x0000000085700000, 0x0000000085800000, 0x0000000085800000|100%| O|  |TAMS 0x0000000085700000, 0x0000000085700000| Untracked 
|  66|0x0000000085800000, 0x0000000085900000, 0x0000000085900000|100%| O|  |TAMS 0x0000000085800000, 0x0000000085800000| Untracked 
|  67|0x0000000085900000, 0x0000000085a00000, 0x0000000085a00000|100%| O|  |TAMS 0x0000000085900000, 0x0000000085900000| Untracked 
|  68|0x0000000085a00000, 0x0000000085a6ae00, 0x0000000085b00000| 41%| O|  |TAMS 0x0000000085a00000, 0x0000000085a00000| Untracked 
|  69|0x0000000085b00000, 0x0000000085b00000, 0x0000000085c00000|  0%| F|  |TAMS 0x0000000085b00000, 0x0000000085b00000| Untracked 
|  70|0x0000000085c00000, 0x0000000085c00000, 0x0000000085d00000|  0%| F|  |TAMS 0x0000000085c00000, 0x0000000085c00000| Untracked 
|  71|0x0000000085d00000, 0x0000000085d00000, 0x0000000085e00000|  0%| F|  |TAMS 0x0000000085d00000, 0x0000000085d00000| Untracked 
|  72|0x0000000085e00000, 0x0000000085e00000, 0x0000000085f00000|  0%| F|  |TAMS 0x0000000085e00000, 0x0000000085e00000| Untracked 
|  73|0x0000000085f00000, 0x0000000085f00000, 0x0000000086000000|  0%| F|  |TAMS 0x0000000085f00000, 0x0000000085f00000| Untracked 
|  74|0x0000000086000000, 0x0000000086000000, 0x0000000086100000|  0%| F|  |TAMS 0x0000000086000000, 0x0000000086000000| Untracked 
|  75|0x0000000086100000, 0x0000000086100000, 0x0000000086200000|  0%| F|  |TAMS 0x0000000086100000, 0x0000000086100000| Untracked 
|  76|0x0000000086200000, 0x0000000086200000, 0x0000000086300000|  0%| F|  |TAMS 0x0000000086200000, 0x0000000086200000| Untracked 
|  77|0x0000000086300000, 0x0000000086300000, 0x0000000086400000|  0%| F|  |TAMS 0x0000000086300000, 0x0000000086300000| Untracked 
|  78|0x0000000086400000, 0x0000000086400000, 0x0000000086500000|  0%| F|  |TAMS 0x0000000086400000, 0x0000000086400000| Untracked 
|  79|0x0000000086500000, 0x0000000086500000, 0x0000000086600000|  0%| F|  |TAMS 0x0000000086500000, 0x0000000086500000| Untracked 
|  80|0x0000000086600000, 0x0000000086600000, 0x0000000086700000|  0%| F|  |TAMS 0x0000000086600000, 0x0000000086600000| Untracked 
|  81|0x0000000086700000, 0x0000000086700000, 0x0000000086800000|  0%| F|  |TAMS 0x0000000086700000, 0x0000000086700000| Untracked 
|  82|0x0000000086800000, 0x0000000086800000, 0x0000000086900000|  0%| F|  |TAMS 0x0000000086800000, 0x0000000086800000| Untracked 
|  83|0x0000000086900000, 0x0000000086900000, 0x0000000086a00000|  0%| F|  |TAMS 0x0000000086900000, 0x0000000086900000| Untracked 
|  84|0x0000000086a00000, 0x0000000086a00000, 0x0000000086b00000|  0%| F|  |TAMS 0x0000000086a00000, 0x0000000086a00000| Untracked 
|  85|0x0000000086b00000, 0x0000000086b00000, 0x0000000086c00000|  0%| F|  |TAMS 0x0000000086b00000, 0x0000000086b00000| Untracked 
|  86|0x0000000086c00000, 0x0000000086c00000, 0x0000000086d00000|  0%| F|  |TAMS 0x0000000086c00000, 0x0000000086c00000| Untracked 
|  87|0x0000000086d00000, 0x0000000086d00000, 0x0000000086e00000|  0%| F|  |TAMS 0x0000000086d00000, 0x0000000086d00000| Untracked 
|  88|0x0000000086e00000, 0x0000000086e00000, 0x0000000086f00000|  0%| F|  |TAMS 0x0000000086e00000, 0x0000000086e00000| Untracked 
|  89|0x0000000086f00000, 0x0000000086f00000, 0x0000000087000000|  0%| F|  |TAMS 0x0000000086f00000, 0x0000000086f00000| Untracked 
|  90|0x0000000087000000, 0x0000000087000000, 0x0000000087100000|  0%| F|  |TAMS 0x0000000087000000, 0x0000000087000000| Untracked 
|  91|0x0000000087100000, 0x0000000087100000, 0x0000000087200000|  0%| F|  |TAMS 0x0000000087100000, 0x0000000087100000| Untracked 
|  92|0x0000000087200000, 0x0000000087200000, 0x0000000087300000|  0%| F|  |TAMS 0x0000000087200000, 0x0000000087200000| Untracked 
|  93|0x0000000087300000, 0x0000000087300000, 0x0000000087400000|  0%| F|  |TAMS 0x0000000087300000, 0x0000000087300000| Untracked 
|  94|0x0000000087400000, 0x0000000087400000, 0x0000000087500000|  0%| F|  |TAMS 0x0000000087400000, 0x0000000087400000| Untracked 
|  95|0x0000000087500000, 0x0000000087500000, 0x0000000087600000|  0%| F|  |TAMS 0x0000000087500000, 0x0000000087500000| Untracked 
|  96|0x0000000087600000, 0x0000000087600000, 0x0000000087700000|  0%| F|  |TAMS 0x0000000087600000, 0x0000000087600000| Untracked 
|  97|0x0000000087700000, 0x0000000087700000, 0x0000000087800000|  0%| F|  |TAMS 0x0000000087700000, 0x0000000087700000| Untracked 
|  98|0x0000000087800000, 0x0000000087800000, 0x0000000087900000|  0%| F|  |TAMS 0x0000000087800000, 0x0000000087800000| Untracked 
|  99|0x0000000087900000, 0x0000000087900000, 0x0000000087a00000|  0%| F|  |TAMS 0x0000000087900000, 0x0000000087900000| Untracked 
| 100|0x0000000087a00000, 0x0000000087a00000, 0x0000000087b00000|  0%| F|  |TAMS 0x0000000087a00000, 0x0000000087a00000| Untracked 
| 101|0x0000000087b00000, 0x0000000087b00000, 0x0000000087c00000|  0%| F|  |TAMS 0x0000000087b00000, 0x0000000087b00000| Untracked 
| 102|0x0000000087c00000, 0x0000000087c00000, 0x0000000087d00000|  0%| F|  |TAMS 0x0000000087c00000, 0x0000000087c00000| Untracked 
| 103|0x0000000087d00000, 0x0000000087d00000, 0x0000000087e00000|  0%| F|  |TAMS 0x0000000087d00000, 0x0000000087d00000| Untracked 
| 104|0x0000000087e00000, 0x0000000087e00000, 0x0000000087f00000|  0%| F|  |TAMS 0x0000000087e00000, 0x0000000087e00000| Untracked 
| 105|0x0000000087f00000, 0x0000000087f00000, 0x0000000088000000|  0%| F|  |TAMS 0x0000000087f00000, 0x0000000087f00000| Untracked 
| 106|0x0000000088000000, 0x0000000088000000, 0x0000000088100000|  0%| F|  |TAMS 0x0000000088000000, 0x0000000088000000| Untracked 
| 107|0x0000000088100000, 0x0000000088100000, 0x0000000088200000|  0%| F|  |TAMS 0x0000000088100000, 0x0000000088100000| Untracked 
| 108|0x0000000088200000, 0x0000000088200000, 0x0000000088300000|  0%| F|  |TAMS 0x0000000088200000, 0x0000000088200000| Untracked 
| 109|0x0000000088300000, 0x0000000088300000, 0x0000000088400000|  0%| F|  |TAMS 0x0000000088300000, 0x0000000088300000| Untracked 
| 110|0x0000000088400000, 0x0000000088400000, 0x0000000088500000|  0%| F|  |TAMS 0x0000000088400000, 0x0000000088400000| Untracked 
| 111|0x0000000088500000, 0x0000000088500000, 0x0000000088600000|  0%| F|  |TAMS 0x0000000088500000, 0x0000000088500000| Untracked 
| 112|0x0000000088600000, 0x0000000088600000, 0x0000000088700000|  0%| F|  |TAMS 0x0000000088600000, 0x0000000088600000| Untracked 
| 113|0x0000000088700000, 0x0000000088700000, 0x0000000088800000|  0%| F|  |TAMS 0x0000000088700000, 0x0000000088700000| Untracked 
| 114|0x0000000088800000, 0x0000000088800000, 0x0000000088900000|  0%| F|  |TAMS 0x0000000088800000, 0x0000000088800000| Untracked 
| 115|0x0000000088900000, 0x0000000088900000, 0x0000000088a00000|  0%| F|  |TAMS 0x0000000088900000, 0x0000000088900000| Untracked 
| 116|0x0000000088a00000, 0x0000000088a00000, 0x0000000088b00000|  0%| F|  |TAMS 0x0000000088a00000, 0x0000000088a00000| Untracked 
| 117|0x0000000088b00000, 0x0000000088b00000, 0x0000000088c00000|  0%| F|  |TAMS 0x0000000088b00000, 0x0000000088b00000| Untracked 
| 118|0x0000000088c00000, 0x0000000088c00000, 0x0000000088d00000|  0%| F|  |TAMS 0x0000000088c00000, 0x0000000088c00000| Untracked 
| 119|0x0000000088d00000, 0x0000000088d00000, 0x0000000088e00000|  0%| F|  |TAMS 0x0000000088d00000, 0x0000000088d00000| Untracked 
| 120|0x0000000088e00000, 0x0000000088e00000, 0x0000000088f00000|  0%| F|  |TAMS 0x0000000088e00000, 0x0000000088e00000| Untracked 
| 121|0x0000000088f00000, 0x0000000088f00000, 0x0000000089000000|  0%| F|  |TAMS 0x0000000088f00000, 0x0000000088f00000| Untracked 
| 122|0x0000000089000000, 0x0000000089000000, 0x0000000089100000|  0%| F|  |TAMS 0x0000000089000000, 0x0000000089000000| Untracked 
| 123|0x0000000089100000, 0x0000000089100000, 0x0000000089200000|  0%| F|  |TAMS 0x0000000089100000, 0x0000000089100000| Untracked 
| 124|0x0000000089200000, 0x0000000089200000, 0x0000000089300000|  0%| F|  |TAMS 0x0000000089200000, 0x0000000089200000| Untracked 
| 125|0x0000000089300000, 0x0000000089300000, 0x0000000089400000|  0%| F|  |TAMS 0x0000000089300000, 0x0000000089300000| Untracked 
| 126|0x0000000089400000, 0x0000000089400000, 0x0000000089500000|  0%| F|  |TAMS 0x0000000089400000, 0x0000000089400000| Untracked 
| 127|0x0000000089500000, 0x0000000089500000, 0x0000000089600000|  0%| F|  |TAMS 0x0000000089500000, 0x0000000089500000| Untracked 
| 128|0x0000000089600000, 0x0000000089600000, 0x0000000089700000|  0%| F|  |TAMS 0x0000000089600000, 0x0000000089600000| Untracked 
| 129|0x0000000089700000, 0x0000000089700000, 0x0000000089800000|  0%| F|  |TAMS 0x0000000089700000, 0x0000000089700000| Untracked 
| 130|0x0000000089800000, 0x0000000089800000, 0x0000000089900000|  0%| F|  |TAMS 0x0000000089800000, 0x0000000089800000| Untracked 
| 131|0x0000000089900000, 0x0000000089900000, 0x0000000089a00000|  0%| F|  |TAMS 0x0000000089900000, 0x0000000089900000| Untracked 
| 132|0x0000000089a00000, 0x0000000089a00000, 0x0000000089b00000|  0%| F|  |TAMS 0x0000000089a00000, 0x0000000089a00000| Untracked 
| 133|0x0000000089b00000, 0x0000000089b00000, 0x0000000089c00000|  0%| F|  |TAMS 0x0000000089b00000, 0x0000000089b00000| Untracked 
| 134|0x0000000089c00000, 0x0000000089c00000, 0x0000000089d00000|  0%| F|  |TAMS 0x0000000089c00000, 0x0000000089c00000| Untracked 
| 135|0x0000000089d00000, 0x0000000089d00000, 0x0000000089e00000|  0%| F|  |TAMS 0x0000000089d00000, 0x0000000089d00000| Untracked 
| 136|0x0000000089e00000, 0x0000000089e00000, 0x0000000089f00000|  0%| F|  |TAMS 0x0000000089e00000, 0x0000000089e00000| Untracked 
| 137|0x0000000089f00000, 0x0000000089f00000, 0x000000008a000000|  0%| F|  |TAMS 0x0000000089f00000, 0x0000000089f00000| Untracked 
| 138|0x000000008a000000, 0x000000008a000000, 0x000000008a100000|  0%| F|  |TAMS 0x000000008a000000, 0x000000008a000000| Untracked 
| 139|0x000000008a100000, 0x000000008a100000, 0x000000008a200000|  0%| F|  |TAMS 0x000000008a100000, 0x000000008a100000| Untracked 
| 140|0x000000008a200000, 0x000000008a200000, 0x000000008a300000|  0%| F|  |TAMS 0x000000008a200000, 0x000000008a200000| Untracked 
| 141|0x000000008a300000, 0x000000008a300000, 0x000000008a400000|  0%| F|  |TAMS 0x000000008a300000, 0x000000008a300000| Untracked 
| 142|0x000000008a400000, 0x000000008a400000, 0x000000008a500000|  0%| F|  |TAMS 0x000000008a400000, 0x000000008a400000| Untracked 
| 143|0x000000008a500000, 0x000000008a500000, 0x000000008a600000|  0%| F|  |TAMS 0x000000008a500000, 0x000000008a500000| Untracked 
| 144|0x000000008a600000, 0x000000008a600000, 0x000000008a700000|  0%| F|  |TAMS 0x000000008a600000, 0x000000008a600000| Untracked 
| 145|0x000000008a700000, 0x000000008a700000, 0x000000008a800000|  0%| F|  |TAMS 0x000000008a700000, 0x000000008a700000| Untracked 
| 146|0x000000008a800000, 0x000000008a800000, 0x000000008a900000|  0%| F|  |TAMS 0x000000008a800000, 0x000000008a800000| Untracked 
| 147|0x000000008a900000, 0x000000008a900000, 0x000000008aa00000|  0%| F|  |TAMS 0x000000008a900000, 0x000000008a900000| Untracked 
| 148|0x000000008aa00000, 0x000000008aa00000, 0x000000008ab00000|  0%| F|  |TAMS 0x000000008aa00000, 0x000000008aa00000| Untracked 
| 149|0x000000008ab00000, 0x000000008ab00000, 0x000000008ac00000|  0%| F|  |TAMS 0x000000008ab00000, 0x000000008ab00000| Untracked 
| 150|0x000000008ac00000, 0x000000008ac00000, 0x000000008ad00000|  0%| F|  |TAMS 0x000000008ac00000, 0x000000008ac00000| Untracked 
| 151|0x000000008ad00000, 0x000000008ad00000, 0x000000008ae00000|  0%| F|  |TAMS 0x000000008ad00000, 0x000000008ad00000| Untracked 
| 152|0x000000008ae00000, 0x000000008ae00000, 0x000000008af00000|  0%| F|  |TAMS 0x000000008ae00000, 0x000000008ae00000| Untracked 
| 153|0x000000008af00000, 0x000000008af00000, 0x000000008b000000|  0%| F|  |TAMS 0x000000008af00000, 0x000000008af00000| Untracked 
| 154|0x000000008b000000, 0x000000008b000000, 0x000000008b100000|  0%| F|  |TAMS 0x000000008b000000, 0x000000008b000000| Untracked 
| 155|0x000000008b100000, 0x000000008b100000, 0x000000008b200000|  0%| F|  |TAMS 0x000000008b100000, 0x000000008b100000| Untracked 
| 156|0x000000008b200000, 0x000000008b200000, 0x000000008b300000|  0%| F|  |TAMS 0x000000008b200000, 0x000000008b200000| Untracked 
| 157|0x000000008b300000, 0x000000008b300000, 0x000000008b400000|  0%| F|  |TAMS 0x000000008b300000, 0x000000008b300000| Untracked 
| 158|0x000000008b400000, 0x000000008b400000, 0x000000008b500000|  0%| F|  |TAMS 0x000000008b400000, 0x000000008b400000| Untracked 
| 159|0x000000008b500000, 0x000000008b500000, 0x000000008b600000|  0%| F|  |TAMS 0x000000008b500000, 0x000000008b500000| Untracked 
| 160|0x000000008b600000, 0x000000008b600000, 0x000000008b700000|  0%| F|  |TAMS 0x000000008b600000, 0x000000008b600000| Untracked 
| 161|0x000000008b700000, 0x000000008b700000, 0x000000008b800000|  0%| F|  |TAMS 0x000000008b700000, 0x000000008b700000| Untracked 
| 162|0x000000008b800000, 0x000000008b800000, 0x000000008b900000|  0%| F|  |TAMS 0x000000008b800000, 0x000000008b800000| Untracked 
| 163|0x000000008b900000, 0x000000008b900000, 0x000000008ba00000|  0%| F|  |TAMS 0x000000008b900000, 0x000000008b900000| Untracked 
| 164|0x000000008ba00000, 0x000000008bb00000, 0x000000008bb00000|100%| S|CS|TAMS 0x000000008ba00000, 0x000000008ba00000| Complete 
| 165|0x000000008bb00000, 0x000000008bc00000, 0x000000008bc00000|100%| S|CS|TAMS 0x000000008bb00000, 0x000000008bb00000| Complete 
| 166|0x000000008bc00000, 0x000000008bc00000, 0x000000008bd00000|  0%| F|  |TAMS 0x000000008bc00000, 0x000000008bc00000| Untracked 
| 167|0x000000008bd00000, 0x000000008bd00000, 0x000000008be00000|  0%| F|  |TAMS 0x000000008bd00000, 0x000000008bd00000| Untracked 
| 168|0x000000008be00000, 0x000000008be00000, 0x000000008bf00000|  0%| F|  |TAMS 0x000000008be00000, 0x000000008be00000| Untracked 
| 169|0x000000008bf00000, 0x000000008bf00000, 0x000000008c000000|  0%| F|  |TAMS 0x000000008bf00000, 0x000000008bf00000| Untracked 
| 170|0x000000008c000000, 0x000000008c000000, 0x000000008c100000|  0%| F|  |TAMS 0x000000008c000000, 0x000000008c000000| Untracked 
| 171|0x000000008c100000, 0x000000008c100000, 0x000000008c200000|  0%| F|  |TAMS 0x000000008c100000, 0x000000008c100000| Untracked 
| 172|0x000000008c200000, 0x000000008c200000, 0x000000008c300000|  0%| F|  |TAMS 0x000000008c200000, 0x000000008c200000| Untracked 
| 173|0x000000008c300000, 0x000000008c300000, 0x000000008c400000|  0%| F|  |TAMS 0x000000008c300000, 0x000000008c300000| Untracked 
| 174|0x000000008c400000, 0x000000008c400000, 0x000000008c500000|  0%| F|  |TAMS 0x000000008c400000, 0x000000008c400000| Untracked 
| 175|0x000000008c500000, 0x000000008c500000, 0x000000008c600000|  0%| F|  |TAMS 0x000000008c500000, 0x000000008c500000| Untracked 
| 176|0x000000008c600000, 0x000000008c600000, 0x000000008c700000|  0%| F|  |TAMS 0x000000008c600000, 0x000000008c600000| Untracked 
| 177|0x000000008c700000, 0x000000008c700000, 0x000000008c800000|  0%| F|  |TAMS 0x000000008c700000, 0x000000008c700000| Untracked 
| 178|0x000000008c800000, 0x000000008c800000, 0x000000008c900000|  0%| F|  |TAMS 0x000000008c800000, 0x000000008c800000| Untracked 
| 179|0x000000008c900000, 0x000000008c900000, 0x000000008ca00000|  0%| F|  |TAMS 0x000000008c900000, 0x000000008c900000| Untracked 
| 180|0x000000008ca00000, 0x000000008ca00000, 0x000000008cb00000|  0%| F|  |TAMS 0x000000008ca00000, 0x000000008ca00000| Untracked 
| 181|0x000000008cb00000, 0x000000008cb00000, 0x000000008cc00000|  0%| F|  |TAMS 0x000000008cb00000, 0x000000008cb00000| Untracked 
| 182|0x000000008cc00000, 0x000000008cc00000, 0x000000008cd00000|  0%| F|  |TAMS 0x000000008cc00000, 0x000000008cc00000| Untracked 
| 183|0x000000008cd00000, 0x000000008cd00000, 0x000000008ce00000|  0%| F|  |TAMS 0x000000008cd00000, 0x000000008cd00000| Untracked 
| 184|0x000000008ce00000, 0x000000008cf00000, 0x000000008cf00000|100%| S|CS|TAMS 0x000000008ce00000, 0x000000008ce00000| Complete 
| 185|0x000000008cf00000, 0x000000008d000000, 0x000000008d000000|100%| S|CS|TAMS 0x000000008cf00000, 0x000000008cf00000| Complete 
| 186|0x000000008d000000, 0x000000008d000000, 0x000000008d100000|  0%| F|  |TAMS 0x000000008d000000, 0x000000008d000000| Untracked 
| 187|0x000000008d100000, 0x000000008d100000, 0x000000008d200000|  0%| F|  |TAMS 0x000000008d100000, 0x000000008d100000| Untracked 
| 188|0x000000008d200000, 0x000000008d200000, 0x000000008d300000|  0%| F|  |TAMS 0x000000008d200000, 0x000000008d200000| Untracked 
| 189|0x000000008d300000, 0x000000008d300000, 0x000000008d400000|  0%| F|  |TAMS 0x000000008d300000, 0x000000008d300000| Untracked 
| 190|0x000000008d400000, 0x000000008d400000, 0x000000008d500000|  0%| F|  |TAMS 0x000000008d400000, 0x000000008d400000| Untracked 
| 191|0x000000008d500000, 0x000000008d500000, 0x000000008d600000|  0%| F|  |TAMS 0x000000008d500000, 0x000000008d500000| Untracked 
| 192|0x000000008d600000, 0x000000008d600000, 0x000000008d700000|  0%| F|  |TAMS 0x000000008d600000, 0x000000008d600000| Untracked 
| 193|0x000000008d700000, 0x000000008d700000, 0x000000008d800000|  0%| F|  |TAMS 0x000000008d700000, 0x000000008d700000| Untracked 
| 194|0x000000008d800000, 0x000000008d800000, 0x000000008d900000|  0%| F|  |TAMS 0x000000008d800000, 0x000000008d800000| Untracked 
| 195|0x000000008d900000, 0x000000008d900000, 0x000000008da00000|  0%| F|  |TAMS 0x000000008d900000, 0x000000008d900000| Untracked 
| 196|0x000000008da00000, 0x000000008da00000, 0x000000008db00000|  0%| F|  |TAMS 0x000000008da00000, 0x000000008da00000| Untracked 
| 197|0x000000008db00000, 0x000000008db00000, 0x000000008dc00000|  0%| F|  |TAMS 0x000000008db00000, 0x000000008db00000| Untracked 
| 198|0x000000008dc00000, 0x000000008dc00000, 0x000000008dd00000|  0%| F|  |TAMS 0x000000008dc00000, 0x000000008dc00000| Untracked 
| 199|0x000000008dd00000, 0x000000008dd00000, 0x000000008de00000|  0%| F|  |TAMS 0x000000008dd00000, 0x000000008dd00000| Untracked 
| 200|0x000000008de00000, 0x000000008de00000, 0x000000008df00000|  0%| F|  |TAMS 0x000000008de00000, 0x000000008de00000| Untracked 
| 201|0x000000008df00000, 0x000000008df00000, 0x000000008e000000|  0%| F|  |TAMS 0x000000008df00000, 0x000000008df00000| Untracked 
| 202|0x000000008e000000, 0x000000008e000000, 0x000000008e100000|  0%| F|  |TAMS 0x000000008e000000, 0x000000008e000000| Untracked 
| 203|0x000000008e100000, 0x000000008e100000, 0x000000008e200000|  0%| F|  |TAMS 0x000000008e100000, 0x000000008e100000| Untracked 
| 204|0x000000008e200000, 0x000000008e200000, 0x000000008e300000|  0%| F|  |TAMS 0x000000008e200000, 0x000000008e200000| Untracked 
| 205|0x000000008e300000, 0x000000008e300000, 0x000000008e400000|  0%| F|  |TAMS 0x000000008e300000, 0x000000008e300000| Untracked 
| 206|0x000000008e400000, 0x000000008e400000, 0x000000008e500000|  0%| F|  |TAMS 0x000000008e400000, 0x000000008e400000| Untracked 
| 207|0x000000008e500000, 0x000000008e500000, 0x000000008e600000|  0%| F|  |TAMS 0x000000008e500000, 0x000000008e500000| Untracked 
| 208|0x000000008e600000, 0x000000008e600000, 0x000000008e700000|  0%| F|  |TAMS 0x000000008e600000, 0x000000008e600000| Untracked 
| 209|0x000000008e700000, 0x000000008e700000, 0x000000008e800000|  0%| F|  |TAMS 0x000000008e700000, 0x000000008e700000| Untracked 
| 210|0x000000008e800000, 0x000000008e800000, 0x000000008e900000|  0%| F|  |TAMS 0x000000008e800000, 0x000000008e800000| Untracked 
| 211|0x000000008e900000, 0x000000008e900000, 0x000000008ea00000|  0%| F|  |TAMS 0x000000008e900000, 0x000000008e900000| Untracked 
| 212|0x000000008ea00000, 0x000000008ea00000, 0x000000008eb00000|  0%| F|  |TAMS 0x000000008ea00000, 0x000000008ea00000| Untracked 
| 213|0x000000008eb00000, 0x000000008eb00000, 0x000000008ec00000|  0%| F|  |TAMS 0x000000008eb00000, 0x000000008eb00000| Untracked 
| 214|0x000000008ec00000, 0x000000008ec00000, 0x000000008ed00000|  0%| F|  |TAMS 0x000000008ec00000, 0x000000008ec00000| Untracked 
| 215|0x000000008ed00000, 0x000000008ed00000, 0x000000008ee00000|  0%| F|  |TAMS 0x000000008ed00000, 0x000000008ed00000| Untracked 
| 216|0x000000008ee00000, 0x000000008ee00000, 0x000000008ef00000|  0%| F|  |TAMS 0x000000008ee00000, 0x000000008ee00000| Untracked 
| 217|0x000000008ef00000, 0x000000008ef00000, 0x000000008f000000|  0%| F|  |TAMS 0x000000008ef00000, 0x000000008ef00000| Untracked 
| 218|0x000000008f000000, 0x000000008f000000, 0x000000008f100000|  0%| F|  |TAMS 0x000000008f000000, 0x000000008f000000| Untracked 
| 219|0x000000008f100000, 0x000000008f100000, 0x000000008f200000|  0%| F|  |TAMS 0x000000008f100000, 0x000000008f100000| Untracked 
| 220|0x000000008f200000, 0x000000008f200000, 0x000000008f300000|  0%| F|  |TAMS 0x000000008f200000, 0x000000008f200000| Untracked 
| 221|0x000000008f300000, 0x000000008f300000, 0x000000008f400000|  0%| F|  |TAMS 0x000000008f300000, 0x000000008f300000| Untracked 
| 222|0x000000008f400000, 0x000000008f400000, 0x000000008f500000|  0%| F|  |TAMS 0x000000008f400000, 0x000000008f400000| Untracked 
| 223|0x000000008f500000, 0x000000008f500000, 0x000000008f600000|  0%| F|  |TAMS 0x000000008f500000, 0x000000008f500000| Untracked 
| 224|0x000000008f600000, 0x000000008f600000, 0x000000008f700000|  0%| F|  |TAMS 0x000000008f600000, 0x000000008f600000| Untracked 
| 225|0x000000008f700000, 0x000000008f700000, 0x000000008f800000|  0%| F|  |TAMS 0x000000008f700000, 0x000000008f700000| Untracked 
| 226|0x000000008f800000, 0x000000008f800000, 0x000000008f900000|  0%| F|  |TAMS 0x000000008f800000, 0x000000008f800000| Untracked 
| 227|0x000000008f900000, 0x000000008f900000, 0x000000008fa00000|  0%| F|  |TAMS 0x000000008f900000, 0x000000008f900000| Untracked 
| 228|0x000000008fa00000, 0x000000008fa00000, 0x000000008fb00000|  0%| F|  |TAMS 0x000000008fa00000, 0x000000008fa00000| Untracked 
| 229|0x000000008fb00000, 0x000000008fb00000, 0x000000008fc00000|  0%| F|  |TAMS 0x000000008fb00000, 0x000000008fb00000| Untracked 
| 230|0x000000008fc00000, 0x000000008fc00000, 0x000000008fd00000|  0%| F|  |TAMS 0x000000008fc00000, 0x000000008fc00000| Untracked 
| 231|0x000000008fd00000, 0x000000008fd00000, 0x000000008fe00000|  0%| F|  |TAMS 0x000000008fd00000, 0x000000008fd00000| Untracked 
| 232|0x000000008fe00000, 0x000000008fe00000, 0x000000008ff00000|  0%| F|  |TAMS 0x000000008fe00000, 0x000000008fe00000| Untracked 
| 233|0x000000008ff00000, 0x000000008ff00000, 0x0000000090000000|  0%| F|  |TAMS 0x000000008ff00000, 0x000000008ff00000| Untracked 
| 234|0x0000000090000000, 0x0000000090000000, 0x0000000090100000|  0%| F|  |TAMS 0x0000000090000000, 0x0000000090000000| Untracked 
| 235|0x0000000090100000, 0x0000000090100000, 0x0000000090200000|  0%| F|  |TAMS 0x0000000090100000, 0x0000000090100000| Untracked 
| 236|0x0000000090200000, 0x0000000090200000, 0x0000000090300000|  0%| F|  |TAMS 0x0000000090200000, 0x0000000090200000| Untracked 
| 237|0x0000000090300000, 0x0000000090300000, 0x0000000090400000|  0%| F|  |TAMS 0x0000000090300000, 0x0000000090300000| Untracked 
| 238|0x0000000090400000, 0x0000000090400000, 0x0000000090500000|  0%| F|  |TAMS 0x0000000090400000, 0x0000000090400000| Untracked 
| 239|0x0000000090500000, 0x0000000090500000, 0x0000000090600000|  0%| F|  |TAMS 0x0000000090500000, 0x0000000090500000| Untracked 
| 240|0x0000000090600000, 0x0000000090600000, 0x0000000090700000|  0%| F|  |TAMS 0x0000000090600000, 0x0000000090600000| Untracked 
| 241|0x0000000090700000, 0x0000000090700000, 0x0000000090800000|  0%| F|  |TAMS 0x0000000090700000, 0x0000000090700000| Untracked 
| 242|0x0000000090800000, 0x0000000090800000, 0x0000000090900000|  0%| F|  |TAMS 0x0000000090800000, 0x0000000090800000| Untracked 
| 243|0x0000000090900000, 0x0000000090900000, 0x0000000090a00000|  0%| F|  |TAMS 0x0000000090900000, 0x0000000090900000| Untracked 
| 244|0x0000000090a00000, 0x0000000090a00000, 0x0000000090b00000|  0%| F|  |TAMS 0x0000000090a00000, 0x0000000090a00000| Untracked 
| 245|0x0000000090b00000, 0x0000000090b00000, 0x0000000090c00000|  0%| F|  |TAMS 0x0000000090b00000, 0x0000000090b00000| Untracked 
| 246|0x0000000090c00000, 0x0000000090c00000, 0x0000000090d00000|  0%| F|  |TAMS 0x0000000090c00000, 0x0000000090c00000| Untracked 
| 247|0x0000000090d00000, 0x0000000090d00000, 0x0000000090e00000|  0%| F|  |TAMS 0x0000000090d00000, 0x0000000090d00000| Untracked 
| 248|0x0000000090e00000, 0x0000000090e00000, 0x0000000090f00000|  0%| F|  |TAMS 0x0000000090e00000, 0x0000000090e00000| Untracked 
| 249|0x0000000090f00000, 0x0000000090f00000, 0x0000000091000000|  0%| F|  |TAMS 0x0000000090f00000, 0x0000000090f00000| Untracked 
| 250|0x0000000091000000, 0x0000000091000000, 0x0000000091100000|  0%| F|  |TAMS 0x0000000091000000, 0x0000000091000000| Untracked 
| 251|0x0000000091100000, 0x0000000091100000, 0x0000000091200000|  0%| F|  |TAMS 0x0000000091100000, 0x0000000091100000| Untracked 
| 252|0x0000000091200000, 0x0000000091200000, 0x0000000091300000|  0%| F|  |TAMS 0x0000000091200000, 0x0000000091200000| Untracked 
| 253|0x0000000091300000, 0x0000000091300000, 0x0000000091400000|  0%| F|  |TAMS 0x0000000091300000, 0x0000000091300000| Untracked 
| 254|0x0000000091400000, 0x0000000091400000, 0x0000000091500000|  0%| F|  |TAMS 0x0000000091400000, 0x0000000091400000| Untracked 
| 255|0x0000000091500000, 0x0000000091500000, 0x0000000091600000|  0%| F|  |TAMS 0x0000000091500000, 0x0000000091500000| Untracked 
| 256|0x0000000091600000, 0x0000000091600000, 0x0000000091700000|  0%| F|  |TAMS 0x0000000091600000, 0x0000000091600000| Untracked 
| 257|0x0000000091700000, 0x0000000091700000, 0x0000000091800000|  0%| F|  |TAMS 0x0000000091700000, 0x0000000091700000| Untracked 
| 258|0x0000000091800000, 0x0000000091800000, 0x0000000091900000|  0%| F|  |TAMS 0x0000000091800000, 0x0000000091800000| Untracked 
| 259|0x0000000091900000, 0x0000000091900000, 0x0000000091a00000|  0%| F|  |TAMS 0x0000000091900000, 0x0000000091900000| Untracked 
| 260|0x0000000091a00000, 0x0000000091a00000, 0x0000000091b00000|  0%| F|  |TAMS 0x0000000091a00000, 0x0000000091a00000| Untracked 
| 261|0x0000000091b00000, 0x0000000091b00000, 0x0000000091c00000|  0%| F|  |TAMS 0x0000000091b00000, 0x0000000091b00000| Untracked 
| 262|0x0000000091c00000, 0x0000000091c00000, 0x0000000091d00000|  0%| F|  |TAMS 0x0000000091c00000, 0x0000000091c00000| Untracked 
| 263|0x0000000091d00000, 0x0000000091d00000, 0x0000000091e00000|  0%| F|  |TAMS 0x0000000091d00000, 0x0000000091d00000| Untracked 
| 264|0x0000000091e00000, 0x0000000091e00000, 0x0000000091f00000|  0%| F|  |TAMS 0x0000000091e00000, 0x0000000091e00000| Untracked 
| 265|0x0000000091f00000, 0x0000000091f00000, 0x0000000092000000|  0%| F|  |TAMS 0x0000000091f00000, 0x0000000091f00000| Untracked 
| 266|0x0000000092000000, 0x0000000092000000, 0x0000000092100000|  0%| F|  |TAMS 0x0000000092000000, 0x0000000092000000| Untracked 
| 267|0x0000000092100000, 0x0000000092100000, 0x0000000092200000|  0%| F|  |TAMS 0x0000000092100000, 0x0000000092100000| Untracked 
| 268|0x0000000092200000, 0x0000000092200000, 0x0000000092300000|  0%| F|  |TAMS 0x0000000092200000, 0x0000000092200000| Untracked 
| 269|0x0000000092300000, 0x0000000092300000, 0x0000000092400000|  0%| F|  |TAMS 0x0000000092300000, 0x0000000092300000| Untracked 
| 270|0x0000000092400000, 0x0000000092400000, 0x0000000092500000|  0%| F|  |TAMS 0x0000000092400000, 0x0000000092400000| Untracked 
| 271|0x0000000092500000, 0x0000000092500000, 0x0000000092600000|  0%| F|  |TAMS 0x0000000092500000, 0x0000000092500000| Untracked 
| 272|0x0000000092600000, 0x0000000092600000, 0x0000000092700000|  0%| F|  |TAMS 0x0000000092600000, 0x0000000092600000| Untracked 
| 273|0x0000000092700000, 0x0000000092700000, 0x0000000092800000|  0%| F|  |TAMS 0x0000000092700000, 0x0000000092700000| Untracked 
| 274|0x0000000092800000, 0x0000000092800000, 0x0000000092900000|  0%| F|  |TAMS 0x0000000092800000, 0x0000000092800000| Untracked 
| 275|0x0000000092900000, 0x0000000092900000, 0x0000000092a00000|  0%| F|  |TAMS 0x0000000092900000, 0x0000000092900000| Untracked 
| 276|0x0000000092a00000, 0x0000000092a00000, 0x0000000092b00000|  0%| F|  |TAMS 0x0000000092a00000, 0x0000000092a00000| Untracked 
| 277|0x0000000092b00000, 0x0000000092b00000, 0x0000000092c00000|  0%| F|  |TAMS 0x0000000092b00000, 0x0000000092b00000| Untracked 
| 278|0x0000000092c00000, 0x0000000092c00000, 0x0000000092d00000|  0%| F|  |TAMS 0x0000000092c00000, 0x0000000092c00000| Untracked 
| 279|0x0000000092d00000, 0x0000000092d00000, 0x0000000092e00000|  0%| F|  |TAMS 0x0000000092d00000, 0x0000000092d00000| Untracked 
| 280|0x0000000092e00000, 0x0000000092e00000, 0x0000000092f00000|  0%| F|  |TAMS 0x0000000092e00000, 0x0000000092e00000| Untracked 
| 281|0x0000000092f00000, 0x0000000092f00000, 0x0000000093000000|  0%| F|  |TAMS 0x0000000092f00000, 0x0000000092f00000| Untracked 
| 282|0x0000000093000000, 0x0000000093000000, 0x0000000093100000|  0%| F|  |TAMS 0x0000000093000000, 0x0000000093000000| Untracked 
| 283|0x0000000093100000, 0x0000000093100000, 0x0000000093200000|  0%| F|  |TAMS 0x0000000093100000, 0x0000000093100000| Untracked 
| 284|0x0000000093200000, 0x0000000093200000, 0x0000000093300000|  0%| F|  |TAMS 0x0000000093200000, 0x0000000093200000| Untracked 
| 285|0x0000000093300000, 0x0000000093300000, 0x0000000093400000|  0%| F|  |TAMS 0x0000000093300000, 0x0000000093300000| Untracked 
| 286|0x0000000093400000, 0x0000000093400000, 0x0000000093500000|  0%| F|  |TAMS 0x0000000093400000, 0x0000000093400000| Untracked 
| 287|0x0000000093500000, 0x0000000093500000, 0x0000000093600000|  0%| F|  |TAMS 0x0000000093500000, 0x0000000093500000| Untracked 
| 288|0x0000000093600000, 0x0000000093600000, 0x0000000093700000|  0%| F|  |TAMS 0x0000000093600000, 0x0000000093600000| Untracked 
| 289|0x0000000093700000, 0x0000000093700000, 0x0000000093800000|  0%| F|  |TAMS 0x0000000093700000, 0x0000000093700000| Untracked 
| 290|0x0000000093800000, 0x0000000093800000, 0x0000000093900000|  0%| F|  |TAMS 0x0000000093800000, 0x0000000093800000| Untracked 
| 291|0x0000000093900000, 0x0000000093900000, 0x0000000093a00000|  0%| F|  |TAMS 0x0000000093900000, 0x0000000093900000| Untracked 
| 292|0x0000000093a00000, 0x0000000093a00000, 0x0000000093b00000|  0%| F|  |TAMS 0x0000000093a00000, 0x0000000093a00000| Untracked 
| 293|0x0000000093b00000, 0x0000000093b00000, 0x0000000093c00000|  0%| F|  |TAMS 0x0000000093b00000, 0x0000000093b00000| Untracked 
| 294|0x0000000093c00000, 0x0000000093c00000, 0x0000000093d00000|  0%| F|  |TAMS 0x0000000093c00000, 0x0000000093c00000| Untracked 
| 295|0x0000000093d00000, 0x0000000093d00000, 0x0000000093e00000|  0%| F|  |TAMS 0x0000000093d00000, 0x0000000093d00000| Untracked 
| 296|0x0000000093e00000, 0x0000000093e00000, 0x0000000093f00000|  0%| F|  |TAMS 0x0000000093e00000, 0x0000000093e00000| Untracked 
| 297|0x0000000093f00000, 0x0000000093f00000, 0x0000000094000000|  0%| F|  |TAMS 0x0000000093f00000, 0x0000000093f00000| Untracked 
| 298|0x0000000094000000, 0x0000000094000000, 0x0000000094100000|  0%| F|  |TAMS 0x0000000094000000, 0x0000000094000000| Untracked 
| 299|0x0000000094100000, 0x0000000094100000, 0x0000000094200000|  0%| F|  |TAMS 0x0000000094100000, 0x0000000094100000| Untracked 
| 300|0x0000000094200000, 0x0000000094200000, 0x0000000094300000|  0%| F|  |TAMS 0x0000000094200000, 0x0000000094200000| Untracked 
| 301|0x0000000094300000, 0x0000000094300000, 0x0000000094400000|  0%| F|  |TAMS 0x0000000094300000, 0x0000000094300000| Untracked 
| 302|0x0000000094400000, 0x0000000094400000, 0x0000000094500000|  0%| F|  |TAMS 0x0000000094400000, 0x0000000094400000| Untracked 
| 303|0x0000000094500000, 0x0000000094500000, 0x0000000094600000|  0%| F|  |TAMS 0x0000000094500000, 0x0000000094500000| Untracked 
| 304|0x0000000094600000, 0x0000000094600000, 0x0000000094700000|  0%| F|  |TAMS 0x0000000094600000, 0x0000000094600000| Untracked 
| 305|0x0000000094700000, 0x0000000094700000, 0x0000000094800000|  0%| F|  |TAMS 0x0000000094700000, 0x0000000094700000| Untracked 
| 306|0x0000000094800000, 0x0000000094800000, 0x0000000094900000|  0%| F|  |TAMS 0x0000000094800000, 0x0000000094800000| Untracked 
| 307|0x0000000094900000, 0x0000000094900000, 0x0000000094a00000|  0%| F|  |TAMS 0x0000000094900000, 0x0000000094900000| Untracked 
| 308|0x0000000094a00000, 0x0000000094a00000, 0x0000000094b00000|  0%| F|  |TAMS 0x0000000094a00000, 0x0000000094a00000| Untracked 
| 309|0x0000000094b00000, 0x0000000094b00000, 0x0000000094c00000|  0%| F|  |TAMS 0x0000000094b00000, 0x0000000094b00000| Untracked 
| 310|0x0000000094c00000, 0x0000000094c00000, 0x0000000094d00000|  0%| F|  |TAMS 0x0000000094c00000, 0x0000000094c00000| Untracked 
| 311|0x0000000094d00000, 0x0000000094d00000, 0x0000000094e00000|  0%| F|  |TAMS 0x0000000094d00000, 0x0000000094d00000| Untracked 
| 312|0x0000000094e00000, 0x0000000094e00000, 0x0000000094f00000|  0%| F|  |TAMS 0x0000000094e00000, 0x0000000094e00000| Untracked 
| 313|0x0000000094f00000, 0x0000000094f00000, 0x0000000095000000|  0%| F|  |TAMS 0x0000000094f00000, 0x0000000094f00000| Untracked 
| 314|0x0000000095000000, 0x0000000095000000, 0x0000000095100000|  0%| F|  |TAMS 0x0000000095000000, 0x0000000095000000| Untracked 
| 315|0x0000000095100000, 0x0000000095100000, 0x0000000095200000|  0%| F|  |TAMS 0x0000000095100000, 0x0000000095100000| Untracked 
| 316|0x0000000095200000, 0x0000000095200000, 0x0000000095300000|  0%| F|  |TAMS 0x0000000095200000, 0x0000000095200000| Untracked 
| 317|0x0000000095300000, 0x0000000095300000, 0x0000000095400000|  0%| F|  |TAMS 0x0000000095300000, 0x0000000095300000| Untracked 
| 318|0x0000000095400000, 0x0000000095400000, 0x0000000095500000|  0%| F|  |TAMS 0x0000000095400000, 0x0000000095400000| Untracked 
| 319|0x0000000095500000, 0x0000000095500000, 0x0000000095600000|  0%| F|  |TAMS 0x0000000095500000, 0x0000000095500000| Untracked 
| 320|0x0000000095600000, 0x0000000095600000, 0x0000000095700000|  0%| F|  |TAMS 0x0000000095600000, 0x0000000095600000| Untracked 
| 321|0x0000000095700000, 0x0000000095700000, 0x0000000095800000|  0%| F|  |TAMS 0x0000000095700000, 0x0000000095700000| Untracked 
| 322|0x0000000095800000, 0x0000000095800000, 0x0000000095900000|  0%| F|  |TAMS 0x0000000095800000, 0x0000000095800000| Untracked 
| 323|0x0000000095900000, 0x0000000095900000, 0x0000000095a00000|  0%| F|  |TAMS 0x0000000095900000, 0x0000000095900000| Untracked 

Card table byte_map: [0x000002369ae20000,0x000002369b220000] _byte_map_base: 0x000002369aa15000

Marking Bits (Prev, Next): (CMBitMap*) 0x00000236833eac38, (CMBitMap*) 0x00000236833eac70
 Prev Bits: [0x000002369b620000, 0x000002369d5c8000)
 Next Bits: [0x000002369d5d0000, 0x000002369f578000)

Polling page: 0x0000023681140000

Metaspace:

Usage:
  Non-class:     21.42 MB capacity,    20.98 MB ( 98%) used,   371.07 KB (  2%) free+waste,    84.38 KB ( <1%) overhead. 
      Class:      3.02 MB capacity,     2.68 MB ( 89%) used,   299.66 KB ( 10%) free+waste,    42.50 KB (  1%) overhead. 
       Both:     24.44 MB capacity,    23.66 MB ( 97%) used,   670.73 KB (  3%) free+waste,   126.88 KB ( <1%) overhead. 

Virtual space:
  Non-class space:       22.00 MB reserved,      21.50 MB ( 98%) committed 
      Class space:        1.00 GB reserved,       3.12 MB ( <1%) committed 
             Both:        1.02 GB reserved,      24.62 MB (  2%) committed 

Chunk freelists:
   Non-Class:  1.63 KB
       Class:  1.88 KB
        Both:  3.50 KB

CodeHeap 'non-profiled nmethods': size=120000Kb used=3710Kb max_used=3710Kb free=116289Kb
 bounds [0x00000236931c0000, 0x0000023693560000, 0x000002369a6f0000]
CodeHeap 'profiled nmethods': size=120000Kb used=11888Kb max_used=11888Kb free=108111Kb
 bounds [0x000002368bc90000, 0x000002368c830000, 0x00000236931c0000]
CodeHeap 'non-nmethods': size=5760Kb used=1344Kb max_used=1409Kb free=4415Kb
 bounds [0x000002368b6f0000, 0x000002368b960000, 0x000002368bc90000]
 total_blobs=7410 nmethods=5095 adapters=681
 compilation: enabled
              stopped_count=0, restarted_count=0
 full_count=0

Compilation events (10 events):
Event: 48.782 Thread 0x00000236a2863000 5118       3       sun.nio.cs.StreamEncoder::ensureOpen (18 bytes)
Event: 48.783 Thread 0x00000236a2863000 nmethod 5118 0x000002368c82be10 code [0x000002368c82bfe0, 0x000002368c82c250]
Event: 48.845 Thread 0x00000236a285e800 nmethod 5104 0x000002369355d190 code [0x000002369355d3e0, 0x000002369355e878]
Event: 48.846 Thread 0x00000236a285e800 5119       4       java.util.HashMap::put (13 bytes)
Event: 48.851 Thread 0x00000236a285e800 nmethod 5119 0x000002369355ef90 code [0x000002369355f140, 0x000002369355f248]
Event: 48.851 Thread 0x00000236a285e800 5115       4       sun.nio.cs.DoubleByte$Encoder::encodeChar (21 bytes)
Event: 48.854 Thread 0x00000236a285e800 nmethod 5115 0x000002369355f310 code [0x000002369355f4a0, 0x000002369355f598]
Event: 49.039 Thread 0x00000236a285e800 5120       4       com.sun.javafx.event.EventDispatchChainImpl::dispatchEvent (101 bytes)
Event: 49.045 Thread 0x00000236a285e800 nmethod 5120 0x000002369355f690 code [0x000002369355f820, 0x000002369355f9b8]
Event: 49.045 Thread 0x00000236a285e800 5121       4       com.sun.javafx.scene.input.InputEventUtils::recomputeCoordinates (220 bytes)

GC Heap History (10 events):
Event: 32.320 GC heap after
{Heap after GC invocations=16 (full 0):
 garbage-first heap   total 331776K, used 67954K [0x0000000081600000, 0x0000000100000000)
  region size 1024K, 5 young (5120K), 5 survivors (5120K)
 Metaspace       used 23799K, capacity 24597K, committed 24956K, reserved 1071104K
  class space    used 2744K, capacity 3056K, committed 3196K, reserved 1048576K
}
Event: 32.860 GC heap before
{Heap before GC invocations=16 (full 0):
 garbage-first heap   total 331776K, used 95602K [0x0000000081600000, 0x0000000100000000)
  region size 1024K, 32 young (32768K), 5 survivors (5120K)
 Metaspace       used 23822K, capacity 24597K, committed 24956K, reserved 1071104K
  class space    used 2744K, capacity 3056K, committed 3196K, reserved 1048576K
}
Event: 32.867 GC heap after
{Heap after GC invocations=17 (full 0):
 garbage-first heap   total 331776K, used 70656K [0x0000000081600000, 0x0000000100000000)
  region size 1024K, 4 young (4096K), 4 survivors (4096K)
 Metaspace       used 23822K, capacity 24597K, committed 24956K, reserved 1071104K
  class space    used 2744K, capacity 3056K, committed 3196K, reserved 1048576K
}
Event: 36.259 GC heap before
{Heap before GC invocations=17 (full 0):
 garbage-first heap   total 331776K, used 112640K [0x0000000081600000, 0x0000000100000000)
  region size 1024K, 45 young (46080K), 4 survivors (4096K)
 Metaspace       used 23979K, capacity 24758K, committed 24956K, reserved 1071104K
  class space    used 2746K, capacity 3088K, committed 3196K, reserved 1048576K
}
Event: 36.263 GC heap after
{Heap after GC invocations=18 (full 0):
 garbage-first heap   total 331776K, used 70634K [0x0000000081600000, 0x0000000100000000)
  region size 1024K, 2 young (2048K), 2 survivors (2048K)
 Metaspace       used 23979K, capacity 24758K, committed 24956K, reserved 1071104K
  class space    used 2746K, capacity 3088K, committed 3196K, reserved 1048576K
}
Event: 41.408 GC heap before
{Heap before GC invocations=18 (full 0):
 garbage-first heap   total 331776K, used 141290K [0x0000000081600000, 0x0000000100000000)
  region size 1024K, 71 young (72704K), 2 survivors (2048K)
 Metaspace       used 24120K, capacity 24896K, committed 25212K, reserved 1071104K
  class space    used 2746K, capacity 3089K, committed 3196K, reserved 1048576K
}
Event: 41.414 GC heap after
{Heap after GC invocations=19 (full 0):
 garbage-first heap   total 331776K, used 70855K [0x0000000081600000, 0x0000000100000000)
  region size 1024K, 2 young (2048K), 2 survivors (2048K)
 Metaspace       used 24120K, capacity 24896K, committed 25212K, reserved 1071104K
  class space    used 2746K, capacity 3089K, committed 3196K, reserved 1048576K
}
Event: 42.962 GC heap before
{Heap before GC invocations=19 (full 0):
 garbage-first heap   total 331776K, used 212167K [0x0000000081600000, 0x0000000100000000)
  region size 1024K, 140 young (143360K), 2 survivors (2048K)
 Metaspace       used 24143K, capacity 24898K, committed 25212K, reserved 1071104K
  class space    used 2746K, capacity 3089K, committed 3196K, reserved 1048576K
}
Event: 43.187 GC heap after
{Heap after GC invocations=20 (full 0):
 garbage-first heap   total 331776K, used 86922K [0x0000000081600000, 0x0000000100000000)
  region size 1024K, 18 young (18432K), 18 survivors (18432K)
 Metaspace       used 24143K, capacity 24898K, committed 25212K, reserved 1071104K
  class space    used 2746K, capacity 3089K, committed 3196K, reserved 1048576K
}
Event: 49.150 GC heap before
{Heap before GC invocations=20 (full 0):
 garbage-first heap   total 331776K, used 228234K [0x0000000081600000, 0x0000000100000000)
  region size 1024K, 156 young (159744K), 18 survivors (18432K)
 Metaspace       used 24230K, capacity 25028K, committed 25212K, reserved 1071104K
  class space    used 2746K, capacity 3089K, committed 3196K, reserved 1048576K
}

Deoptimization events (10 events):
Event: 47.650 Thread 0x00000236a30df800 Uncommon trap: reason=speculate_class_check action=maybe_recompile pc=0x000002369353f2f4 method=javafx.scene.Node.invalidatedScenes(Ljavafx/scene/Scene;Ljavafx/scene/SubScene;)V @ 86 c2
Event: 47.651 Thread 0x00000236a30df800 Uncommon trap: reason=speculate_class_check action=maybe_recompile pc=0x000002369353f2f4 method=javafx.scene.Node.invalidatedScenes(Ljavafx/scene/Scene;Ljavafx/scene/SubScene;)V @ 86 c2
Event: 47.655 Thread 0x00000236a30df800 Uncommon trap: reason=speculate_class_check action=maybe_recompile pc=0x000002369353f2f4 method=javafx.scene.Node.invalidatedScenes(Ljavafx/scene/Scene;Ljavafx/scene/SubScene;)V @ 86 c2
Event: 47.656 Thread 0x00000236a30df800 Uncommon trap: reason=speculate_class_check action=maybe_recompile pc=0x000002369353f2f4 method=javafx.scene.Node.invalidatedScenes(Ljavafx/scene/Scene;Ljavafx/scene/SubScene;)V @ 86 c2
Event: 48.686 Thread 0x00000236a30df800 Uncommon trap: reason=class_check action=maybe_recompile pc=0x0000023693267a84 method=java.util.HashMap.putVal(ILjava/lang/Object;Ljava/lang/Object;ZZ)Ljava/lang/Object; @ 253 c2
Event: 48.689 Thread 0x00000236a30df800 Uncommon trap: reason=class_check action=make_not_entrant pc=0x0000023693537cdc method=java.util.ArrayList.toArray([Ljava/lang/Object;)[Ljava/lang/Object; @ 21 c2
Event: 48.791 Thread 0x00000236a30df800 Uncommon trap: reason=speculate_class_check action=maybe_recompile pc=0x000002369351309c method=javafx.scene.Node.updateDisabled()V @ 55 c2
Event: 49.038 Thread 0x00000236a2b89800 Uncommon trap: reason=unstable_if action=reinterpret pc=0x00000236934acbdc method=com.sun.javafx.sg.prism.NGNode.accumulateGroupDirtyRegion(Lcom/sun/javafx/geom/RectBounds;Lcom/sun/javafx/geom/RectBounds;Lcom/sun/javafx/geom/DirtyRegionPool;Lcom/sun/javaf
Event: 49.038 Thread 0x00000236a2b89800 Uncommon trap: reason=unstable_if action=reinterpret pc=0x00000236934ad754 method=com.sun.javafx.sg.prism.NGNode.accumulateGroupDirtyRegion(Lcom/sun/javafx/geom/RectBounds;Lcom/sun/javafx/geom/RectBounds;Lcom/sun/javafx/geom/DirtyRegionPool;Lcom/sun/javaf
Event: 49.038 Thread 0x00000236a2b89800 Uncommon trap: reason=unstable_if action=reinterpret pc=0x00000236932f3dbc method=java.lang.StrictMath.floorOrCeil(DDDD)D @ 14 c2

Classes redefined (0 events):
No events

Internal exceptions (10 events):
Event: 17.583 Thread 0x00000236a30df800 Exception <a 'java/lang/NoSuchMethodError'{0x0000000088bb43d8}: java.lang.invoke.DirectMethodHandle$Holder.invokeSpecialIFC(Ljava/lang/Object;Ljava/lang/Object;I)I> (0x0000000088bb43d8) thrown at [t:/workspace/open/src/hotspot/share/interpreter/linkResolv
Event: 17.628 Thread 0x00000236a30df800 Exception <a 'java/lang/NoSuchMethodError'{0x0000000088a1ca68}: java.lang.invoke.DirectMethodHandle$Holder.invokeStatic(Ljava/lang/Object;Ljava/lang/Object;IIIIILjava/lang/Object;)Ljava/lang/Object;> (0x0000000088a1ca68) thrown at [t:/workspace/open/src/h
Event: 17.631 Thread 0x00000236a30df800 Exception <a 'java/lang/NoSuchMethodError'{0x0000000088a2e478}: java.lang.invoke.DirectMethodHandle$Holder.invokeStatic(Ljava/lang/Object;Ljava/lang/Object;Ljava/lang/Object;IIIILjava/lang/Object;)Ljava/lang/Object;> (0x0000000088a2e478) thrown at [t:/wor
Event: 17.643 Thread 0x00000236a30df800 Exception <a 'java/lang/NoSuchMethodError'{0x0000000088a3fde0}: java.lang.invoke.DirectMethodHandle$Holder.invokeSpecial(Ljava/lang/Object;Ljava/lang/Object;IIIILjava/lang/Object;)Ljava/lang/Object;> (0x0000000088a3fde0) thrown at [t:/workspace/open/src/h
Event: 17.644 Thread 0x00000236a30df800 Exception <a 'java/lang/NoSuchMethodError'{0x0000000088a46d38}: java.lang.invoke.DirectMethodHandle$Holder.invokeStatic(Ljava/lang/Object;Ljava/lang/Object;IIIILjava/lang/Object;)Ljava/lang/Object;> (0x0000000088a46d38) thrown at [t:/workspace/open/src/ho
Event: 17.645 Thread 0x00000236a30df800 Exception <a 'java/lang/NoSuchMethodError'{0x0000000088a4a208}: java.lang.invoke.Invokers$Holder.linkToTargetMethod(Ljava/lang/Object;IIIILjava/lang/Object;Ljava/lang/Object;)Ljava/lang/Object;> (0x0000000088a4a208) thrown at [t:/workspace/open/src/hotspo
Event: 21.213 Thread 0x00000236a30df800 Exception <a 'java/lang/NoSuchMethodError'{0x000000008c53fe00}: java.lang.invoke.DirectMethodHandle$Holder.invokeStatic(Ljava/lang/Object;Ljava/lang/Object;Ljava/lang/Object;IIIII)Ljava/lang/Object;> (0x000000008c53fe00) thrown at [t:/workspace/open/src/h
Event: 21.215 Thread 0x00000236a30df800 Exception <a 'java/lang/NoSuchMethodError'{0x000000008c547170}: java.lang.invoke.Invokers$Holder.linkToTargetMethod(Ljava/lang/Object;Ljava/lang/Object;IIIIILjava/lang/Object;)Ljava/lang/Object;> (0x000000008c547170) thrown at [t:/workspace/open/src/hotsp
Event: 22.893 Thread 0x00000236a30df800 Exception <a 'java/lang/NoSuchMethodError'{0x000000008c04a420}: java.lang.invoke.DirectMethodHandle$Holder.invokeVirtual(Ljava/lang/Object;Ljava/lang/Object;)V> (0x000000008c04a420) thrown at [t:/workspace/open/src/hotspot/share/interpreter/linkResolver.c
Event: 32.960 Thread 0x00000236a2b89800 Implicit null exception at 0x00000236933b5cac to 0x00000236933b5d2a

Events (10 events):
Event: 49.038 Thread 0x00000236a2b89800 Uncommon trap: trap_request=0xffffff4d fr.pc=0x00000236934acbdc relative=0x00000000000022bc
Event: 49.038 Thread 0x00000236a2b89800 DEOPT PACKING pc=0x00000236934acbdc sp=0x00000064d03fe850
Event: 49.038 Thread 0x00000236a2b89800 DEOPT UNPACKING pc=0x000002368b718f2f sp=0x00000064d03fe7a0 mode 2
Event: 49.038 Thread 0x00000236a2b89800 Uncommon trap: trap_request=0xffffff4d fr.pc=0x00000236934ad754 relative=0x0000000000002e34
Event: 49.038 Thread 0x00000236a2b89800 DEOPT PACKING pc=0x00000236934ad754 sp=0x00000064d03fe980
Event: 49.038 Thread 0x00000236a2b89800 DEOPT UNPACKING pc=0x000002368b718f2f sp=0x00000064d03fe8d8 mode 2
Event: 49.038 Thread 0x00000236a2b89800 Uncommon trap: trap_request=0xffffff4d fr.pc=0x00000236932f3dbc relative=0x000000000000007c
Event: 49.038 Thread 0x00000236a2b89800 DEOPT PACKING pc=0x00000236932f3dbc sp=0x00000064d03fec90
Event: 49.038 Thread 0x00000236a2b89800 DEOPT UNPACKING pc=0x000002368b718f2f sp=0x00000064d03febc8 mode 2
Event: 49.149 Executing VM operation: G1CollectForAllocation


Dynamic libraries:
0x00007ff6383d0000 - 0x00007ff638417000 	C:\Program Files\Java\jdk-11.0.4\bin\java.exe
0x00007ffd003e0000 - 0x00007ffd005d0000 	C:\WINDOWS\SYSTEM32\ntdll.dll
0x00007ffcff7e0000 - 0x00007ffcff892000 	C:\WINDOWS\System32\KERNEL32.DLL
0x00007ffcfd370000 - 0x00007ffcfd613000 	C:\WINDOWS\System32\KERNELBASE.dll
0x00007ffcfe490000 - 0x00007ffcfe533000 	C:\WINDOWS\System32\ADVAPI32.dll
0x00007ffcff8a0000 - 0x00007ffcff93e000 	C:\WINDOWS\System32\msvcrt.dll
0x00007ffcff240000 - 0x00007ffcff2d7000 	C:\WINDOWS\System32\sechost.dll
0x00007ffcff490000 - 0x00007ffcff5b0000 	C:\WINDOWS\System32\RPCRT4.dll
0x00007ffd00030000 - 0x00007ffd001c4000 	C:\WINDOWS\System32\USER32.dll
0x00007ffcfdda0000 - 0x00007ffcfddc1000 	C:\WINDOWS\System32\win32u.dll
0x00007ffcff3b0000 - 0x00007ffcff3d6000 	C:\WINDOWS\System32\GDI32.dll
0x00007ffcfde20000 - 0x00007ffcfdfb4000 	C:\WINDOWS\System32\gdi32full.dll
0x00007ffcfe2a0000 - 0x00007ffcfe33e000 	C:\WINDOWS\System32\msvcp_win.dll
0x00007ffcfe180000 - 0x00007ffcfe27a000 	C:\WINDOWS\System32\ucrtbase.dll
0x00007ffcee4c0000 - 0x00007ffcee745000 	C:\WINDOWS\WinSxS\amd64_microsoft.windows.common-controls_6595b64144ccf1df_6.0.18362.418_none_e6c6b287130d565d\COMCTL32.dll
0x00007ffcfeb60000 - 0x00007ffcfee96000 	C:\WINDOWS\System32\combase.dll
0x00007ffcf1980000 - 0x00007ffcf198a000 	C:\WINDOWS\SYSTEM32\VERSION.dll
0x00007ffcfe0a0000 - 0x00007ffcfe120000 	C:\WINDOWS\System32\bcryptPrimitives.dll
0x00007ffcfead0000 - 0x00007ffcfeafe000 	C:\WINDOWS\System32\IMM32.DLL
0x00007ffcf1790000 - 0x00007ffcf17a6000 	C:\Program Files\Java\jdk-11.0.4\bin\vcruntime140.dll
0x00007ffcc7fa0000 - 0x00007ffcc804a000 	C:\Program Files\Java\jdk-11.0.4\bin\msvcp140.dll
0x00007ffcc0a00000 - 0x00007ffcc1527000 	C:\Program Files\Java\jdk-11.0.4\bin\server\jvm.dll
0x00007ffcfeea0000 - 0x00007ffcfeea8000 	C:\WINDOWS\System32\PSAPI.DLL
0x00007ffcea060000 - 0x00007ffcea069000 	C:\WINDOWS\SYSTEM32\WSOCK32.dll
0x00007ffcf9b30000 - 0x00007ffcf9b54000 	C:\WINDOWS\SYSTEM32\WINMM.dll
0x00007ffcff610000 - 0x00007ffcff67f000 	C:\WINDOWS\System32\WS2_32.dll
0x00007ffcf9b00000 - 0x00007ffcf9b2d000 	C:\WINDOWS\SYSTEM32\winmmbase.dll
0x00007ffcfddd0000 - 0x00007ffcfde1a000 	C:\WINDOWS\System32\cfgmgr32.dll
0x00007ffcfd2c0000 - 0x00007ffcfd2d1000 	C:\WINDOWS\System32\kernel.appcore.dll
0x00007ffce9060000 - 0x00007ffce9071000 	C:\Program Files\Java\jdk-11.0.4\bin\verify.dll
0x00007ffcfbbd0000 - 0x00007ffcfbdc4000 	C:\WINDOWS\SYSTEM32\DBGHELP.DLL
0x00007ffce5670000 - 0x00007ffce569a000 	C:\WINDOWS\SYSTEM32\dbgcore.DLL
0x00007ffcdebc0000 - 0x00007ffcdebe9000 	C:\Program Files\Java\jdk-11.0.4\bin\java.dll
0x00007ffce5800000 - 0x00007ffce5816000 	C:\Program Files\Java\jdk-11.0.4\bin\zip.dll
0x00007ffcf6970000 - 0x00007ffcf697a000 	C:\Program Files\Java\jdk-11.0.4\bin\jimage.dll
0x00007ffcff940000 - 0x00007ffd00025000 	C:\WINDOWS\System32\SHELL32.dll
0x00007ffcff3e0000 - 0x00007ffcff489000 	C:\WINDOWS\System32\shcore.dll
0x00007ffcfd620000 - 0x00007ffcfdd9f000 	C:\WINDOWS\System32\windows.storage.dll
0x00007ffcfd2e0000 - 0x00007ffcfd2ff000 	C:\WINDOWS\System32\profapi.dll
0x00007ffcfd300000 - 0x00007ffcfd34a000 	C:\WINDOWS\System32\powrprof.dll
0x00007ffcfd2b0000 - 0x00007ffcfd2c0000 	C:\WINDOWS\System32\UMPDC.dll
0x00007ffcfeb00000 - 0x00007ffcfeb52000 	C:\WINDOWS\System32\shlwapi.dll
0x00007ffcfe280000 - 0x00007ffcfe297000 	C:\WINDOWS\System32\cryptsp.dll
0x00007ffce3bb0000 - 0x00007ffce3bc9000 	C:\Program Files\Java\jdk-11.0.4\bin\net.dll
0x00007ffcf1120000 - 0x00007ffcf1210000 	C:\WINDOWS\SYSTEM32\WINHTTP.dll
0x00007ffcedf70000 - 0x00007ffcee146000 	C:\WINDOWS\SYSTEM32\urlmon.dll
0x00007ffcee8b0000 - 0x00007ffceeb56000 	C:\WINDOWS\SYSTEM32\iertutil.dll
0x00007ffcfccf0000 - 0x00007ffcfccfc000 	C:\WINDOWS\SYSTEM32\CRYPTBASE.DLL
0x00007ffcfcb20000 - 0x00007ffcfcb87000 	C:\WINDOWS\system32\mswsock.dll
0x00007ffcdf380000 - 0x00007ffcdf393000 	C:\Program Files\Java\jdk-11.0.4\bin\nio.dll
0x0000023683330000 - 0x0000023683333000 	C:\Program Files\Java\jdk-11.0.4\bin\api-ms-win-core-console-l1-1-0.dll
0x0000023683340000 - 0x0000023683343000 	C:\Program Files\Java\jdk-11.0.4\bin\api-ms-win-core-datetime-l1-1-0.dll
0x0000023683350000 - 0x0000023683353000 	C:\Program Files\Java\jdk-11.0.4\bin\api-ms-win-core-debug-l1-1-0.dll
0x0000023683360000 - 0x0000023683363000 	C:\Program Files\Java\jdk-11.0.4\bin\api-ms-win-core-errorhandling-l1-1-0.dll
0x0000023683370000 - 0x0000023683374000 	C:\Program Files\Java\jdk-11.0.4\bin\api-ms-win-core-file-l1-1-0.dll
0x00000236a43d0000 - 0x00000236a43d3000 	C:\Program Files\Java\jdk-11.0.4\bin\api-ms-win-core-file-l1-2-0.dll
0x00000236a43e0000 - 0x00000236a43e3000 	C:\Program Files\Java\jdk-11.0.4\bin\api-ms-win-core-file-l2-1-0.dll
0x00000236a43f0000 - 0x00000236a43f3000 	C:\Program Files\Java\jdk-11.0.4\bin\api-ms-win-core-handle-l1-1-0.dll
0x00000236a4400000 - 0x00000236a4403000 	C:\Program Files\Java\jdk-11.0.4\bin\api-ms-win-core-heap-l1-1-0.dll
0x00000236a4410000 - 0x00000236a4413000 	C:\Program Files\Java\jdk-11.0.4\bin\api-ms-win-core-interlocked-l1-1-0.dll
0x00000236a4420000 - 0x00000236a4423000 	C:\Program Files\Java\jdk-11.0.4\bin\api-ms-win-core-libraryloader-l1-1-0.dll
0x00000236a4430000 - 0x00000236a4433000 	C:\Program Files\Java\jdk-11.0.4\bin\api-ms-win-core-localization-l1-2-0.dll
0x00000236a4440000 - 0x00000236a4443000 	C:\Program Files\Java\jdk-11.0.4\bin\api-ms-win-core-memory-l1-1-0.dll
0x00000236a4450000 - 0x00000236a4453000 	C:\Program Files\Java\jdk-11.0.4\bin\api-ms-win-core-namedpipe-l1-1-0.dll
0x00000236a4460000 - 0x00000236a4463000 	C:\Program Files\Java\jdk-11.0.4\bin\api-ms-win-core-processenvironment-l1-1-0.dll
0x00000236a4470000 - 0x00000236a4473000 	C:\Program Files\Java\jdk-11.0.4\bin\api-ms-win-core-processthreads-l1-1-0.dll
0x00000236a4480000 - 0x00000236a4483000 	C:\Program Files\Java\jdk-11.0.4\bin\api-ms-win-core-processthreads-l1-1-1.dll
0x00000236a4490000 - 0x00000236a4493000 	C:\Program Files\Java\jdk-11.0.4\bin\api-ms-win-core-profile-l1-1-0.dll
0x00000236a44a0000 - 0x00000236a44a3000 	C:\Program Files\Java\jdk-11.0.4\bin\api-ms-win-core-rtlsupport-l1-1-0.dll
0x00000236a44b0000 - 0x00000236a44b3000 	C:\Program Files\Java\jdk-11.0.4\bin\api-ms-win-core-string-l1-1-0.dll
0x00000236a44c0000 - 0x00000236a44c3000 	C:\Program Files\Java\jdk-11.0.4\bin\api-ms-win-core-synch-l1-1-0.dll
0x00000236a44d0000 - 0x00000236a44d3000 	C:\Program Files\Java\jdk-11.0.4\bin\api-ms-win-core-synch-l1-2-0.dll
0x00000236a44e0000 - 0x00000236a44e3000 	C:\Program Files\Java\jdk-11.0.4\bin\api-ms-win-core-sysinfo-l1-1-0.dll
0x00000236a44f0000 - 0x00000236a44f3000 	C:\Program Files\Java\jdk-11.0.4\bin\api-ms-win-core-timezone-l1-1-0.dll
0x00000236a4500000 - 0x00000236a4503000 	C:\Program Files\Java\jdk-11.0.4\bin\api-ms-win-core-util-l1-1-0.dll
0x00000236a4510000 - 0x00000236a4513000 	C:\Program Files\Java\jdk-11.0.4\bin\api-ms-win-crt-conio-l1-1-0.dll
0x00000236a4520000 - 0x00000236a4524000 	C:\Program Files\Java\jdk-11.0.4\bin\api-ms-win-crt-convert-l1-1-0.dll
0x00000236a4530000 - 0x00000236a4533000 	C:\Program Files\Java\jdk-11.0.4\bin\api-ms-win-crt-environment-l1-1-0.dll
0x00000236a4540000 - 0x00000236a4543000 	C:\Program Files\Java\jdk-11.0.4\bin\api-ms-win-crt-filesystem-l1-1-0.dll
0x00000236a4550000 - 0x00000236a4553000 	C:\Program Files\Java\jdk-11.0.4\bin\api-ms-win-crt-heap-l1-1-0.dll
0x00000236a4560000 - 0x00000236a4563000 	C:\Program Files\Java\jdk-11.0.4\bin\api-ms-win-crt-locale-l1-1-0.dll
0x00000236a4570000 - 0x00000236a4575000 	C:\Program Files\Java\jdk-11.0.4\bin\api-ms-win-crt-math-l1-1-0.dll
0x00000236a4580000 - 0x00000236a4585000 	C:\Program Files\Java\jdk-11.0.4\bin\api-ms-win-crt-multibyte-l1-1-0.dll
0x00000236a4590000 - 0x00000236a45a0000 	C:\Program Files\Java\jdk-11.0.4\bin\api-ms-win-crt-private-l1-1-0.dll
0x00000236a45a0000 - 0x00000236a45a3000 	C:\Program Files\Java\jdk-11.0.4\bin\api-ms-win-crt-process-l1-1-0.dll
0x00000236a45b0000 - 0x00000236a45b4000 	C:\Program Files\Java\jdk-11.0.4\bin\api-ms-win-crt-runtime-l1-1-0.dll
0x00000236a45c0000 - 0x00000236a45c4000 	C:\Program Files\Java\jdk-11.0.4\bin\api-ms-win-crt-stdio-l1-1-0.dll
0x00000236a45d0000 - 0x00000236a45d4000 	C:\Program Files\Java\jdk-11.0.4\bin\api-ms-win-crt-string-l1-1-0.dll
0x00000236a45e0000 - 0x00000236a45e3000 	C:\Program Files\Java\jdk-11.0.4\bin\api-ms-win-crt-time-l1-1-0.dll
0x00000236a45f0000 - 0x00000236a45f3000 	C:\Program Files\Java\jdk-11.0.4\bin\api-ms-win-crt-utility-l1-1-0.dll
0x00007ffce3c00000 - 0x00007ffce3cf6000 	C:\Program Files\Java\jdk-11.0.4\bin\ucrtbase.dll
0x00007ffcf1b30000 - 0x00007ffcf1b83000 	C:\Windows\System32\concrt140.dll
0x00007ffcf9b90000 - 0x00007ffcf9bb3000 	C:\Users\任纪铭\.openjfx\cache\12.0.1\prism_d3d.dll
0x00007ffcd14c0000 - 0x00007ffcd1687000 	C:\WINDOWS\system32\d3d9.dll
0x00007ffcfb6a0000 - 0x00007ffcfb6cd000 	C:\WINDOWS\SYSTEM32\dwmapi.dll
0x00007ffcfbf20000 - 0x00007ffcfbf40000 	C:\WINDOWS\SYSTEM32\dxcore.dll
0x00007ffcfb1f0000 - 0x00007ffcfb289000 	C:\WINDOWS\system32\uxtheme.dll
0x00007ffccaf50000 - 0x00007ffccb13b000 	C:\WINDOWS\System32\DriverStore\FileRepository\iigd_dch_base.inf_amd64_05396612368732c0\igdumdim64.dll
0x00007ffcab7c0000 - 0x00007ffcaed3d000 	C:\WINDOWS\System32\DriverStore\FileRepository\iigd_dch_base.inf_amd64_05396612368732c0\igd9dxva64.dll
0x00007ffcff0e0000 - 0x00007ffcff236000 	C:\WINDOWS\System32\ole32.dll
0x00007ffcff680000 - 0x00007ffcff744000 	C:\WINDOWS\System32\OLEAUT32.dll
0x00007ffcf9730000 - 0x00007ffcf9775000 	C:\Users\任纪铭\.openjfx\cache\12.0.1\glass.dll
0x00007ffcff2e0000 - 0x00007ffcff3b0000 	C:\WINDOWS\System32\COMDLG32.dll
0x00007ffcfeeb0000 - 0x00007ffcfefe6000 	C:\WINDOWS\System32\MSCTF.dll
0x00007ffcf96f0000 - 0x00007ffcf9714000 	C:\WINDOWS\System32\DriverStore\FileRepository\iigd_dch_base.inf_amd64_05396612368732c0\igdinfo64.dll
0x00007ffc85f90000 - 0x00007ffc87e91000 	C:\WINDOWS\System32\DriverStore\FileRepository\iigd_dch_base.inf_amd64_05396612368732c0\igc64.dll
0x00007ffcf97f0000 - 0x00007ffcf9804000 	C:\Users\任纪铭\.openjfx\cache\12.0.1\javafx_font.dll
0x00007ffcedc20000 - 0x00007ffcedf1e000 	C:\WINDOWS\SYSTEM32\dwrite.dll
0x00007ffcfe9b0000 - 0x00007ffcfea52000 	C:\WINDOWS\System32\clbcatq.dll
0x00007ffcf7f50000 - 0x00007ffcf80ff000 	C:\WINDOWS\SYSTEM32\WindowsCodecs.dll
0x00007ffcd4f50000 - 0x00007ffcd4f8a000 	C:\WINDOWS\system32\dataexchange.dll
0x00007ffcfa660000 - 0x00007ffcfa8bb000 	C:\WINDOWS\system32\d3d11.dll
0x00007ffcfa8c0000 - 0x00007ffcfaa9b000 	C:\WINDOWS\system32\dcomp.dll
0x00007ffcfbfb0000 - 0x00007ffcfc09b000 	C:\WINDOWS\system32\dxgi.dll
0x00007ffcfb350000 - 0x00007ffcfb5aa000 	C:\WINDOWS\system32\twinapi.appcore.dll
0x00007ffcfb780000 - 0x00007ffcfb7a9000 	C:\WINDOWS\system32\RMCLIENT.dll
0x00007ffcf1cb0000 - 0x00007ffcf1ce3000 	C:\Program Files\Common Files\Microsoft Shared\Ink\rtscom.dll
0x00007ffcefe80000 - 0x00007ffceff1e000 	C:\WINDOWS\System32\TextInputFramework.dll
0x00007ffcf8af0000 - 0x00007ffcf8e1a000 	C:\WINDOWS\System32\CoreUIComponents.dll
0x00007ffcfae10000 - 0x00007ffcfaee4000 	C:\WINDOWS\System32\CoreMessaging.dll
0x00007ffcfc310000 - 0x00007ffcfc341000 	C:\WINDOWS\SYSTEM32\ntmarta.dll
0x00007ffcf8990000 - 0x00007ffcf8ae3000 	C:\WINDOWS\SYSTEM32\wintypes.dll
0x00007ffcd4c20000 - 0x00007ffcd4c43000 	C:\WINDOWS\SYSTEM32\edputil.dll

dbghelp: loaded successfully - version: 4.0.5 - missing functions: none
symbol engine: initialized successfully - sym options: 0x614 - pdb path: .;C:\Program Files\Java\jdk-11.0.4\bin;C:\WINDOWS\SYSTEM32;C:\WINDOWS\WinSxS\amd64_microsoft.windows.common-controls_6595b64144ccf1df_6.0.18362.418_none_e6c6b287130d565d;C:\Program Files\Java\jdk-11.0.4\bin\server;C:\Users\任纪铭\.openjfx\cache\12.;C:\Users\任纪铭\.openjfx\cache\12.0.1;C:\WINDOWS\System32\DriverStore\FileRepository\iigd_dch_base.inf_amd64_0539661236;C:\WINDOWS\System32\DriverStore\FileRepository\iigd_dch_base.inf_amd64_0539661236;C:\WINDOWS\System32\DriverStore\FileRepository\iigd_dch_base.inf_amd64_0539661236;C:\WINDOWS\System32\DriverStore\FileRepository\iigd_dch_base.inf_amd64_05396612368732c0;C:\Program Files\Common Files\Microsoft Shar;C:\Program Files\Common Files\Microsoft Shar;C:\Program Files\Common Files\Microsoft Shar

VM Arguments:
jvm_args: --add-modules=javafx.controls,javafx.fxml --module-path=C:\Users\任纪铭\.gradle\caches\modules-2\files-2.1\org.openjfx\javafx-fxml\12.0.1\5397068b7fb8f8db6631242d78e14f7d6db07d51\javafx-fxml-12.0.1-win.jar;C:\Users\任纪铭\.gradle\caches\modules-2\files-2.1\org.openjfx\javafx-controls\12.0.1\838555460c025b8df0fbc0fa03bf3f3767698f89\javafx-controls-12.0.1-win.jar;C:\Users\任纪铭\.gradle\caches\modules-2\files-2.1\org.openjfx\javafx-graphics\12.0.1\18a01ffdd4edb82e7da3bc99937c6a608d1eaaa6\javafx-graphics-12.0.1-win.jar;C:\Users\任纪铭\.gradle\caches\modules-2\files-2.1\org.openjfx\javafx-base\12.0.1\6f5947b255bb26e072862b3bb0c32d54d8effe84\javafx-base-12.0.1-win.jar -Dfile.encoding=GBK -Duser.country=CN -Duser.language=zh -Duser.variant 
java_command: arena.ui.Main
java_class_path (initial): C:\Users\任纪铭\workspace\COMP3111HProject\build\classes\java\main;C:\Users\任纪铭\workspace\COMP3111HProject\build\resources\main;C:\Users\任纪铭\.gradle\caches\modules-2\files-2.1\net.sourceforge.htmlunit\htmlunit\2.31\c40a2fb813533fa8a0e1531c8c47b9ed6b54178d\htmlunit-2.31.jar;C:\Users\任纪铭\.gradle\caches\modules-2\files-2.1\org.openjfx\javafx-fxml\12.0.1\5397068b7fb8f8db6631242d78e14f7d6db07d51\javafx-fxml-12.0.1-win.jar;C:\Users\任纪铭\.gradle\caches\modules-2\files-2.1\org.openjfx\javafx-controls\12.0.1\838555460c025b8df0fbc0fa03bf3f3767698f89\javafx-controls-12.0.1-win.jar;C:\Users\任纪铭\.gradle\caches\modules-2\files-2.1\org.openjfx\javafx-controls\12.0.1\a6502999bdb947885c8d121a47d745d52a06577a\javafx-controls-12.0.1.jar;C:\Users\任纪铭\.gradle\caches\modules-2\files-2.1\org.openjfx\javafx-graphics\12.0.1\18a01ffdd4edb82e7da3bc99937c6a608d1eaaa6\javafx-graphics-12.0.1-win.jar;C:\Users\任纪铭\.gradle\caches\modules-2\files-2.1\org.openjfx\javafx-graphics\12.0.1\19ec56a15d7dd9c49112912547425b718485d7db\javafx-graphics-12.0.1.jar;C:\Users\任纪铭\.gradle\caches\modules-2\files-2.1\org.openjfx\javafx-base\12.0.1\6f5947b255bb26e072862b3bb0c32d54d8effe84\javafx-base-12.0.1-win.jar;C:\Users\任纪铭\.gradle\caches\modules-2\files-2.1\org.openjfx\javafx-base\12.0.1\6abae81d00e0c6f4fde02e2666f9c0b989ff47e4\javafx-base-12.0.1.jar;C:\Users\任纪铭\.gradle\caches\modules-2\files-2.1\xalan\xalan\2.7.2\d55d3f02a56ec4c25695fe67e1334ff8c2ecea23\xalan-2.7.2.jar;C:\Users\任纪铭\.gradle\caches\modules-2\files-2.1\org.apache.commons\commons-text\1.3\9abf61708a66ab5e55f6169a200dbfc584b546d9\commons-text-1.3.jar;C:\Users\任纪铭\.gradle\caches\modules-2\files-2.1\org.apache.commons\commons-lang3\3.7\557edd918fd41f9260963583ebf5a61a43a6b423\commons-lang3-3.7.jar;C:\Users\任纪铭\.gradle\caches\modules-2\files-2.1\org.apache.httpcomponents\httpmime\4.5.5\8281b24b8a493374cd2aa8a90c4156588f7dbcb6\httpmime-4.5.5.jar;C:\Users\任纪铭\.gradle\caches\modules-2\fi
Launcher Type: SUN_STANDARD

[Global flags]
     intx CICompilerCount                          = 4                                         {product} {ergonomic}
     uint ConcGCThreads                            = 2                                         {product} {ergonomic}
     uint G1ConcRefinementThreads                  = 8                                         {product} {ergonomic}
   size_t G1HeapRegionSize                         = 1048576                                   {product} {ergonomic}
    uintx GCDrainStackTargetSize                   = 64                                        {product} {ergonomic}
   size_t InitialHeapSize                          = 134217728                                 {product} {ergonomic}
   size_t MarkStackSize                            = 4194304                                   {product} {ergonomic}
   size_t MaxHeapSize                              = 2124414976                                {product} {ergonomic}
   size_t MaxNewSize                               = 1274019840                                {product} {ergonomic}
   size_t MinHeapDeltaBytes                        = 1048576                                   {product} {ergonomic}
    uintx NonNMethodCodeHeapSize                   = 5835340                                {pd product} {ergonomic}
    uintx NonProfiledCodeHeapSize                  = 122911450                              {pd product} {ergonomic}
    uintx ProfiledCodeHeapSize                     = 122911450                              {pd product} {ergonomic}
    uintx ReservedCodeCacheSize                    = 251658240                              {pd product} {ergonomic}
     bool SegmentedCodeCache                       = true                                      {product} {ergonomic}
     bool UseCompressedClassPointers               = true                                 {lp64_product} {ergonomic}
     bool UseCompressedOops                        = true                                 {lp64_product} {ergonomic}
     bool UseG1GC                                  = true                                      {product} {ergonomic}
     bool UseLargePagesIndividualAllocation        = false                                  {pd product} {ergonomic}

Logging:
Log output configuration:
 #0: stdout all=warning uptime,level,tags
 #1: stderr all=off uptime,level,tags

Environment Variables:
JAVA_HOME=C:\Program Files\Java\jdk-11.0.4
CLASSPATH=C:\Users\任纪铭\workspace\COMP3111HProject\\gradle\wrapper\gradle-wrapper.jar
PATH=C:\Program Files (x86)\NVIDIA Corporation\PhysX\Common;C:\ProgramData\Oracle\Java\javapath;C:\Program Files (x86)\Intel\iCLS Client\;C:\Program Files\Intel\iCLS Client\;C:\Windows\system32;C:\Windows;C:\Windows\System32\Wbem;C:\Windows\System32\WindowsPowerShell\v1.0\;C:\Program Files (x86)\Intel\Intel(R) Management Engine Components\DAL;C:\Program Files\Intel\Intel(R) Management Engine Components\DAL;C:\Program Files (x86)\Intel\Intel(R) Management Engine Components\IPT;C:\Program Files\Intel\Intel(R) Management Engine Components\IPT;C:\MinGW\bin;C:\WINDOWS\system32;C:\WINDOWS;C:\WINDOWS\System32\Wbem;C:\WINDOWS\System32\WindowsPowerShell\v1.0\;C:\WINDOWS\System32\OpenSSH\;C:\Program Files (x86)\Windows Kits\8.1\Windows Performance Toolkit\;D:\MATLAB\R2018b\bin;C:\Program Files\Java\jdk-11.0.4\bin;C:\Program Files\Git\cmd;C:\Users\任纪铭\AppData\Local\Microsoft\WindowsApps;C:\texlive\2018\bin\win32;D:\Microsoft VS Code\bin
USERNAME=任纪铭
OS=Windows_NT
PROCESSOR_IDENTIFIER=Intel64 Family 6 Model 142 Stepping 10, GenuineIntel



---------------  S Y S T E M  ---------------

OS: Windows 10 , 64 bit Build 18362 (10.0.18362.329)

CPU:total 8 (initial active 8) (4 cores per cpu, 2 threads per core) family 6 model 142 stepping 10, cmov, cx8, fxsr, mmx, sse, sse2, sse3, ssse3, sse4.1, sse4.2, popcnt, avx, avx2, aes, clmul, erms, 3dnowpref, lzcnt, ht, tsc, tscinvbit, bmi1, bmi2, adx, fma

Memory: 4k page, system-wide physical 8097M (1682M free)
TotalPageFile size 9067M (AvailPageFile size 197M)
current process WorkingSet (physical memory assigned to process): 561M, peak: 592M
current process commit charge ("private bytes"): 593M, peak: 949M

vm_info: Java HotSpot(TM) 64-Bit Server VM (11.0.4+10-LTS) for windows-amd64 JRE (11.0.4+10-LTS), built on Jul  4 2019 16:28:13 by "mach5one" with MS VC++ 15.5 (VS2017)

END.
